{"/Users/steve/Documents/GitHub/Stinger/demos/web_demo/frontend/src/App.js": {"path":"/Users/steve/Documents/GitHub/Stinger/demos/web_demo/frontend/src/App.js","statementMap":{"0":{"start":{"line":10,"column":21},"end":{"line":16,"column":1}},"1":{"start":{"line":18,"column":20},"end":{"line":22,"column":1}},"2":{"start":{"line":24,"column":18},"end":{"line":29,"column":1}},"3":{"start":{"line":31,"column":19},"end":{"line":49,"column":1}},"4":{"start":{"line":42,"column":22},"end":{"line":42,"column":51}},"5":{"start":{"line":47,"column":27},"end":{"line":47,"column":80}},"6":{"start":{"line":51,"column":22},"end":{"line":64,"column":1}},"7":{"start":{"line":59,"column":22},"end":{"line":59,"column":51}},"8":{"start":{"line":66,"column":21},"end":{"line":70,"column":1}},"9":{"start":{"line":72,"column":12},"end":{"line":88,"column":1}},"10":{"start":{"line":76,"column":25},"end":{"line":76,"column":63}},"11":{"start":{"line":77,"column":20},"end":{"line":77,"column":56}},"12":{"start":{"line":78,"column":26},"end":{"line":78,"column":54}},"13":{"start":{"line":81,"column":38},"end":{"line":81,"column":78}},"14":{"start":{"line":85,"column":27},"end":{"line":85,"column":61}},"15":{"start":{"line":86,"column":22},"end":{"line":86,"column":58}},"16":{"start":{"line":91,"column":42},"end":{"line":91,"column":56}},"17":{"start":{"line":92,"column":34},"end":{"line":92,"column":48}},"18":{"start":{"line":93,"column":42},"end":{"line":93,"column":56}},"19":{"start":{"line":94,"column":46},"end":{"line":94,"column":61}},"20":{"start":{"line":95,"column":36},"end":{"line":95,"column":56}},"21":{"start":{"line":96,"column":32},"end":{"line":96,"column":46}},"22":{"start":{"line":97,"column":28},"end":{"line":97,"column":42}},"23":{"start":{"line":98,"column":38},"end":{"line":98,"column":49}},"24":{"start":{"line":99,"column":38},"end":{"line":99,"column":53}},"25":{"start":{"line":100,"column":50},"end":{"line":100,"column":72}},"26":{"start":{"line":103,"column":2},"end":{"line":105,"column":9}},"27":{"start":{"line":104,"column":4},"end":{"line":104,"column":20}},"28":{"start":{"line":108,"column":2},"end":{"line":116,"column":46}},"29":{"start":{"line":109,"column":4},"end":{"line":115,"column":5}},"30":{"start":{"line":110,"column":20},"end":{"line":113,"column":14}},"31":{"start":{"line":111,"column":8},"end":{"line":111,"column":54}},"32":{"start":{"line":112,"column":8},"end":{"line":112,"column":22}},"33":{"start":{"line":114,"column":6},"end":{"line":114,"column":39}},"34":{"start":{"line":114,"column":19},"end":{"line":114,"column":38}},"35":{"start":{"line":118,"column":24},"end":{"line":158,"column":3}},"36":{"start":{"line":119,"column":4},"end":{"line":157,"column":5}},"37":{"start":{"line":120,"column":6},"end":{"line":120,"column":23}},"38":{"start":{"line":121,"column":6},"end":{"line":121,"column":21}},"39":{"start":{"line":122,"column":6},"end":{"line":122,"column":40}},"40":{"start":{"line":125,"column":41},"end":{"line":128,"column":8}},"41":{"start":{"line":130,"column":6},"end":{"line":130,"column":34}},"42":{"start":{"line":131,"column":6},"end":{"line":131,"column":32}},"43":{"start":{"line":132,"column":6},"end":{"line":132,"column":39}},"44":{"start":{"line":133,"column":6},"end":{"line":133,"column":23}},"45":{"start":{"line":136,"column":6},"end":{"line":136,"column":54}},"46":{"start":{"line":137,"column":6},"end":{"line":137,"column":42}},"47":{"start":{"line":140,"column":25},"end":{"line":140,"column":64}},"48":{"start":{"line":142,"column":6},"end":{"line":152,"column":7}},"49":{"start":{"line":143,"column":8},"end":{"line":143,"column":114}},"50":{"start":{"line":144,"column":13},"end":{"line":152,"column":7}},"51":{"start":{"line":145,"column":8},"end":{"line":145,"column":96}},"52":{"start":{"line":146,"column":13},"end":{"line":152,"column":7}},"53":{"start":{"line":147,"column":8},"end":{"line":147,"column":107}},"54":{"start":{"line":148,"column":13},"end":{"line":152,"column":7}},"55":{"start":{"line":149,"column":8},"end":{"line":149,"column":115}},"56":{"start":{"line":150,"column":13},"end":{"line":152,"column":7}},"57":{"start":{"line":151,"column":8},"end":{"line":151,"column":109}},"58":{"start":{"line":154,"column":6},"end":{"line":154,"column":29}},"59":{"start":{"line":156,"column":6},"end":{"line":156,"column":24}},"60":{"start":{"line":160,"column":22},"end":{"line":173,"column":3}},"61":{"start":{"line":161,"column":4},"end":{"line":161,"column":27}},"62":{"start":{"line":161,"column":20},"end":{"line":161,"column":27}},"63":{"start":{"line":163,"column":4},"end":{"line":163,"column":24}},"64":{"start":{"line":164,"column":4},"end":{"line":164,"column":36}},"65":{"start":{"line":164,"column":26},"end":{"line":164,"column":34}},"66":{"start":{"line":166,"column":4},"end":{"line":172,"column":5}},"67":{"start":{"line":167,"column":6},"end":{"line":167,"column":28}},"68":{"start":{"line":169,"column":6},"end":{"line":169,"column":42}},"69":{"start":{"line":171,"column":6},"end":{"line":171,"column":27}},"70":{"start":{"line":175,"column":28},"end":{"line":196,"column":3}},"71":{"start":{"line":176,"column":4},"end":{"line":195,"column":5}},"72":{"start":{"line":177,"column":23},"end":{"line":180,"column":8}},"73":{"start":{"line":183,"column":31},"end":{"line":183,"column":69}},"74":{"start":{"line":184,"column":6},"end":{"line":184,"column":40}},"75":{"start":{"line":186,"column":6},"end":{"line":186,"column":22}},"76":{"start":{"line":188,"column":6},"end":{"line":188,"column":52}},"77":{"start":{"line":190,"column":6},"end":{"line":193,"column":7}},"78":{"start":{"line":191,"column":8},"end":{"line":191,"column":44}},"79":{"start":{"line":192,"column":8},"end":{"line":192,"column":93}},"80":{"start":{"line":194,"column":6},"end":{"line":194,"column":16}},"81":{"start":{"line":198,"column":31},"end":{"line":223,"column":3}},"82":{"start":{"line":199,"column":4},"end":{"line":199,"column":69}},"83":{"start":{"line":200,"column":4},"end":{"line":222,"column":5}},"84":{"start":{"line":201,"column":6},"end":{"line":201,"column":70}},"85":{"start":{"line":202,"column":6},"end":{"line":202,"column":60}},"86":{"start":{"line":205,"column":6},"end":{"line":213,"column":14}},"87":{"start":{"line":206,"column":8},"end":{"line":206,"column":60}},"88":{"start":{"line":207,"column":43},"end":{"line":210,"column":10}},"89":{"start":{"line":211,"column":8},"end":{"line":211,"column":34}},"90":{"start":{"line":212,"column":8},"end":{"line":212,"column":36}},"91":{"start":{"line":215,"column":6},"end":{"line":215,"column":58}},"92":{"start":{"line":217,"column":6},"end":{"line":220,"column":7}},"93":{"start":{"line":218,"column":8},"end":{"line":218,"column":44}},"94":{"start":{"line":219,"column":8},"end":{"line":219,"column":115}},"95":{"start":{"line":221,"column":6},"end":{"line":221,"column":16}},"96":{"start":{"line":225,"column":29},"end":{"line":242,"column":3}},"97":{"start":{"line":226,"column":4},"end":{"line":241,"column":5}},"98":{"start":{"line":227,"column":6},"end":{"line":227,"column":46}},"99":{"start":{"line":230,"column":41},"end":{"line":233,"column":8}},"100":{"start":{"line":235,"column":6},"end":{"line":235,"column":32}},"101":{"start":{"line":236,"column":6},"end":{"line":236,"column":34}},"102":{"start":{"line":239,"column":6},"end":{"line":239,"column":51}},"103":{"start":{"line":240,"column":6},"end":{"line":240,"column":16}},"104":{"start":{"line":244,"column":34},"end":{"line":252,"column":3}},"105":{"start":{"line":245,"column":4},"end":{"line":251,"column":5}},"106":{"start":{"line":246,"column":6},"end":{"line":246,"column":43}},"107":{"start":{"line":247,"column":6},"end":{"line":247,"column":28}},"108":{"start":{"line":249,"column":6},"end":{"line":249,"column":58}},"109":{"start":{"line":250,"column":6},"end":{"line":250,"column":16}},"110":{"start":{"line":254,"column":27},"end":{"line":256,"column":3}},"111":{"start":{"line":255,"column":4},"end":{"line":255,"column":39}},"112":{"start":{"line":258,"column":2},"end":{"line":281,"column":3}},"113":{"start":{"line":259,"column":4},"end":{"line":280,"column":6}},"114":{"start":{"line":283,"column":2},"end":{"line":401,"column":3}},"115":{"start":{"line":284,"column":4},"end":{"line":400,"column":6}},"116":{"start":{"line":364,"column":29},"end":{"line":364,"column":53}},"117":{"start":{"line":403,"column":2},"end":{"line":463,"column":4}},"118":{"start":{"line":425,"column":29},"end":{"line":425,"column":53}},"119":{"start":{"line":431,"column":29},"end":{"line":431,"column":50}},"120":{"start":{"line":453,"column":23},"end":{"line":453,"column":47}}},"fnMap":{"0":{"name":"(anonymous_0)","decl":{"start":{"line":42,"column":13},"end":{"line":42,"column":14}},"loc":{"start":{"line":42,"column":22},"end":{"line":42,"column":51}},"line":42},"1":{"name":"(anonymous_1)","decl":{"start":{"line":47,"column":18},"end":{"line":47,"column":19}},"loc":{"start":{"line":47,"column":27},"end":{"line":47,"column":80}},"line":47},"2":{"name":"(anonymous_2)","decl":{"start":{"line":59,"column":13},"end":{"line":59,"column":14}},"loc":{"start":{"line":59,"column":22},"end":{"line":59,"column":51}},"line":59},"3":{"name":"(anonymous_3)","decl":{"start":{"line":76,"column":16},"end":{"line":76,"column":17}},"loc":{"start":{"line":76,"column":25},"end":{"line":76,"column":63}},"line":76},"4":{"name":"(anonymous_4)","decl":{"start":{"line":77,"column":11},"end":{"line":77,"column":12}},"loc":{"start":{"line":77,"column":20},"end":{"line":77,"column":56}},"line":77},"5":{"name":"(anonymous_5)","decl":{"start":{"line":78,"column":17},"end":{"line":78,"column":18}},"loc":{"start":{"line":78,"column":26},"end":{"line":78,"column":54}},"line":78},"6":{"name":"(anonymous_6)","decl":{"start":{"line":81,"column":29},"end":{"line":81,"column":30}},"loc":{"start":{"line":81,"column":38},"end":{"line":81,"column":78}},"line":81},"7":{"name":"(anonymous_7)","decl":{"start":{"line":85,"column":18},"end":{"line":85,"column":19}},"loc":{"start":{"line":85,"column":27},"end":{"line":85,"column":61}},"line":85},"8":{"name":"(anonymous_8)","decl":{"start":{"line":86,"column":13},"end":{"line":86,"column":14}},"loc":{"start":{"line":86,"column":22},"end":{"line":86,"column":58}},"line":86},"9":{"name":"App","decl":{"start":{"line":90,"column":9},"end":{"line":90,"column":12}},"loc":{"start":{"line":90,"column":15},"end":{"line":464,"column":1}},"line":90},"10":{"name":"(anonymous_10)","decl":{"start":{"line":103,"column":12},"end":{"line":103,"column":13}},"loc":{"start":{"line":103,"column":18},"end":{"line":105,"column":3}},"line":103},"11":{"name":"(anonymous_11)","decl":{"start":{"line":108,"column":12},"end":{"line":108,"column":13}},"loc":{"start":{"line":108,"column":18},"end":{"line":116,"column":3}},"line":108},"12":{"name":"(anonymous_12)","decl":{"start":{"line":110,"column":31},"end":{"line":110,"column":32}},"loc":{"start":{"line":110,"column":37},"end":{"line":113,"column":7}},"line":110},"13":{"name":"(anonymous_13)","decl":{"start":{"line":114,"column":13},"end":{"line":114,"column":14}},"loc":{"start":{"line":114,"column":19},"end":{"line":114,"column":38}},"line":114},"14":{"name":"(anonymous_14)","decl":{"start":{"line":118,"column":24},"end":{"line":118,"column":25}},"loc":{"start":{"line":118,"column":36},"end":{"line":158,"column":3}},"line":118},"15":{"name":"(anonymous_15)","decl":{"start":{"line":160,"column":22},"end":{"line":160,"column":23}},"loc":{"start":{"line":160,"column":34},"end":{"line":173,"column":3}},"line":160},"16":{"name":"(anonymous_16)","decl":{"start":{"line":164,"column":18},"end":{"line":164,"column":19}},"loc":{"start":{"line":164,"column":26},"end":{"line":164,"column":34}},"line":164},"17":{"name":"(anonymous_17)","decl":{"start":{"line":175,"column":28},"end":{"line":175,"column":29}},"loc":{"start":{"line":175,"column":47},"end":{"line":196,"column":3}},"line":175},"18":{"name":"(anonymous_18)","decl":{"start":{"line":198,"column":31},"end":{"line":198,"column":32}},"loc":{"start":{"line":198,"column":54},"end":{"line":223,"column":3}},"line":198},"19":{"name":"(anonymous_19)","decl":{"start":{"line":205,"column":17},"end":{"line":205,"column":18}},"loc":{"start":{"line":205,"column":29},"end":{"line":213,"column":7}},"line":205},"20":{"name":"(anonymous_20)","decl":{"start":{"line":225,"column":29},"end":{"line":225,"column":30}},"loc":{"start":{"line":225,"column":47},"end":{"line":242,"column":3}},"line":225},"21":{"name":"(anonymous_21)","decl":{"start":{"line":244,"column":34},"end":{"line":244,"column":35}},"loc":{"start":{"line":244,"column":46},"end":{"line":252,"column":3}},"line":244},"22":{"name":"(anonymous_22)","decl":{"start":{"line":254,"column":27},"end":{"line":254,"column":28}},"loc":{"start":{"line":254,"column":33},"end":{"line":256,"column":3}},"line":254},"23":{"name":"(anonymous_23)","decl":{"start":{"line":364,"column":23},"end":{"line":364,"column":24}},"loc":{"start":{"line":364,"column":29},"end":{"line":364,"column":53}},"line":364},"24":{"name":"(anonymous_24)","decl":{"start":{"line":425,"column":23},"end":{"line":425,"column":24}},"loc":{"start":{"line":425,"column":29},"end":{"line":425,"column":53}},"line":425},"25":{"name":"(anonymous_25)","decl":{"start":{"line":431,"column":23},"end":{"line":431,"column":24}},"loc":{"start":{"line":431,"column":29},"end":{"line":431,"column":50}},"line":431},"26":{"name":"(anonymous_26)","decl":{"start":{"line":453,"column":17},"end":{"line":453,"column":18}},"loc":{"start":{"line":453,"column":23},"end":{"line":453,"column":47}},"line":453}},"branchMap":{"0":{"loc":{"start":{"line":42,"column":22},"end":{"line":42,"column":51}},"type":"cond-expr","locations":[{"start":{"line":42,"column":37},"end":{"line":42,"column":40}},{"start":{"line":42,"column":43},"end":{"line":42,"column":51}}],"line":42},"1":{"loc":{"start":{"line":47,"column":27},"end":{"line":47,"column":80}},"type":"cond-expr","locations":[{"start":{"line":47,"column":42},"end":{"line":47,"column":71}},{"start":{"line":47,"column":74},"end":{"line":47,"column":80}}],"line":47},"2":{"loc":{"start":{"line":59,"column":22},"end":{"line":59,"column":51}},"type":"cond-expr","locations":[{"start":{"line":59,"column":35},"end":{"line":59,"column":42}},{"start":{"line":59,"column":45},"end":{"line":59,"column":51}}],"line":59},"3":{"loc":{"start":{"line":76,"column":25},"end":{"line":76,"column":63}},"type":"cond-expr","locations":[{"start":{"line":76,"column":40},"end":{"line":76,"column":47}},{"start":{"line":76,"column":50},"end":{"line":76,"column":63}}],"line":76},"4":{"loc":{"start":{"line":77,"column":20},"end":{"line":77,"column":56}},"type":"cond-expr","locations":[{"start":{"line":77,"column":35},"end":{"line":77,"column":44}},{"start":{"line":77,"column":47},"end":{"line":77,"column":56}}],"line":77},"5":{"loc":{"start":{"line":78,"column":26},"end":{"line":78,"column":54}},"type":"cond-expr","locations":[{"start":{"line":78,"column":41},"end":{"line":78,"column":46}},{"start":{"line":78,"column":49},"end":{"line":78,"column":54}}],"line":78},"6":{"loc":{"start":{"line":81,"column":38},"end":{"line":81,"column":78}},"type":"cond-expr","locations":[{"start":{"line":81,"column":53},"end":{"line":81,"column":62}},{"start":{"line":81,"column":65},"end":{"line":81,"column":78}}],"line":81},"7":{"loc":{"start":{"line":85,"column":27},"end":{"line":85,"column":61}},"type":"cond-expr","locations":[{"start":{"line":85,"column":42},"end":{"line":85,"column":49}},{"start":{"line":85,"column":52},"end":{"line":85,"column":61}}],"line":85},"8":{"loc":{"start":{"line":86,"column":22},"end":{"line":86,"column":58}},"type":"cond-expr","locations":[{"start":{"line":86,"column":37},"end":{"line":86,"column":46}},{"start":{"line":86,"column":49},"end":{"line":86,"column":58}}],"line":86},"9":{"loc":{"start":{"line":109,"column":4},"end":{"line":115,"column":5}},"type":"if","locations":[{"start":{"line":109,"column":4},"end":{"line":115,"column":5}},{"start":{},"end":{}}],"line":109},"10":{"loc":{"start":{"line":109,"column":8},"end":{"line":109,"column":70}},"type":"binary-expr","locations":[{"start":{"line":109,"column":8},"end":{"line":109,"column":43}},{"start":{"line":109,"column":47},"end":{"line":109,"column":55}},{"start":{"line":109,"column":59},"end":{"line":109,"column":70}}],"line":109},"11":{"loc":{"start":{"line":142,"column":6},"end":{"line":152,"column":7}},"type":"if","locations":[{"start":{"line":142,"column":6},"end":{"line":152,"column":7}},{"start":{"line":144,"column":13},"end":{"line":152,"column":7}}],"line":142},"12":{"loc":{"start":{"line":142,"column":10},"end":{"line":142,"column":87}},"type":"binary-expr","locations":[{"start":{"line":142,"column":10},"end":{"line":142,"column":47}},{"start":{"line":142,"column":51},"end":{"line":142,"column":87}}],"line":142},"13":{"loc":{"start":{"line":144,"column":13},"end":{"line":152,"column":7}},"type":"if","locations":[{"start":{"line":144,"column":13},"end":{"line":152,"column":7}},{"start":{"line":146,"column":13},"end":{"line":152,"column":7}}],"line":144},"14":{"loc":{"start":{"line":146,"column":13},"end":{"line":152,"column":7}},"type":"if","locations":[{"start":{"line":146,"column":13},"end":{"line":152,"column":7}},{"start":{"line":148,"column":13},"end":{"line":152,"column":7}}],"line":146},"15":{"loc":{"start":{"line":146,"column":17},"end":{"line":146,"column":83}},"type":"binary-expr","locations":[{"start":{"line":146,"column":17},"end":{"line":146,"column":44}},{"start":{"line":146,"column":48},"end":{"line":146,"column":83}}],"line":146},"16":{"loc":{"start":{"line":148,"column":13},"end":{"line":152,"column":7}},"type":"if","locations":[{"start":{"line":148,"column":13},"end":{"line":152,"column":7}},{"start":{"line":150,"column":13},"end":{"line":152,"column":7}}],"line":148},"17":{"loc":{"start":{"line":150,"column":13},"end":{"line":152,"column":7}},"type":"if","locations":[{"start":{"line":150,"column":13},"end":{"line":152,"column":7}},{"start":{},"end":{}}],"line":150},"18":{"loc":{"start":{"line":161,"column":4},"end":{"line":161,"column":27}},"type":"if","locations":[{"start":{"line":161,"column":4},"end":{"line":161,"column":27}},{"start":{},"end":{}}],"line":161},"19":{"loc":{"start":{"line":190,"column":6},"end":{"line":193,"column":7}},"type":"if","locations":[{"start":{"line":190,"column":6},"end":{"line":193,"column":7}},{"start":{},"end":{}}],"line":190},"20":{"loc":{"start":{"line":190,"column":10},"end":{"line":190,"column":87}},"type":"binary-expr","locations":[{"start":{"line":190,"column":10},"end":{"line":190,"column":47}},{"start":{"line":190,"column":51},"end":{"line":190,"column":87}}],"line":190},"21":{"loc":{"start":{"line":217,"column":6},"end":{"line":220,"column":7}},"type":"if","locations":[{"start":{"line":217,"column":6},"end":{"line":220,"column":7}},{"start":{},"end":{}}],"line":217},"22":{"loc":{"start":{"line":217,"column":10},"end":{"line":217,"column":87}},"type":"binary-expr","locations":[{"start":{"line":217,"column":10},"end":{"line":217,"column":47}},{"start":{"line":217,"column":51},"end":{"line":217,"column":87}}],"line":217},"23":{"loc":{"start":{"line":258,"column":2},"end":{"line":281,"column":3}},"type":"if","locations":[{"start":{"line":258,"column":2},"end":{"line":281,"column":3}},{"start":{},"end":{}}],"line":258},"24":{"loc":{"start":{"line":283,"column":2},"end":{"line":401,"column":3}},"type":"if","locations":[{"start":{"line":283,"column":2},"end":{"line":401,"column":3}},{"start":{},"end":{}}],"line":283},"25":{"loc":{"start":{"line":314,"column":49},"end":{"line":314,"column":105}},"type":"cond-expr","locations":[{"start":{"line":314,"column":84},"end":{"line":314,"column":93}},{"start":{"line":314,"column":96},"end":{"line":314,"column":105}}],"line":314},"26":{"loc":{"start":{"line":315,"column":15},"end":{"line":315,"column":78}},"type":"cond-expr","locations":[{"start":{"line":315,"column":50},"end":{"line":315,"column":61}},{"start":{"line":315,"column":64},"end":{"line":315,"column":78}}],"line":315},"27":{"loc":{"start":{"line":317,"column":13},"end":{"line":319,"column":13}},"type":"binary-expr","locations":[{"start":{"line":317,"column":13},"end":{"line":317,"column":27}},{"start":{"line":318,"column":14},"end":{"line":318,"column":70}}],"line":317},"28":{"loc":{"start":{"line":320,"column":13},"end":{"line":324,"column":13}},"type":"binary-expr","locations":[{"start":{"line":320,"column":13},"end":{"line":320,"column":48}},{"start":{"line":320,"column":52},"end":{"line":320,"column":63}},{"start":{"line":321,"column":14},"end":{"line":323,"column":20}}],"line":320},"29":{"loc":{"start":{"line":334,"column":28},"end":{"line":334,"column":62}},"type":"cond-expr","locations":[{"start":{"line":334,"column":41},"end":{"line":334,"column":50}},{"start":{"line":334,"column":53},"end":{"line":334,"column":62}}],"line":334},"30":{"loc":{"start":{"line":338,"column":24},"end":{"line":338,"column":62}},"type":"cond-expr","locations":[{"start":{"line":338,"column":37},"end":{"line":338,"column":50}},{"start":{"line":338,"column":53},"end":{"line":338,"column":62}}],"line":338},"31":{"loc":{"start":{"line":346,"column":15},"end":{"line":360,"column":15}},"type":"cond-expr","locations":[{"start":{"line":347,"column":16},"end":{"line":357,"column":19}},{"start":{"line":359,"column":16},"end":{"line":359,"column":34}}],"line":346},"32":{"loc":{"start":{"line":437,"column":11},"end":{"line":443,"column":11}},"type":"binary-expr","locations":[{"start":{"line":437,"column":11},"end":{"line":437,"column":35}},{"start":{"line":438,"column":12},"end":{"line":442,"column":14}}],"line":437},"33":{"loc":{"start":{"line":445,"column":11},"end":{"line":447,"column":11}},"type":"binary-expr","locations":[{"start":{"line":445,"column":11},"end":{"line":445,"column":32}},{"start":{"line":446,"column":12},"end":{"line":446,"column":30}}],"line":445}},"s":{"0":0,"1":0,"2":0,"3":0,"4":0,"5":0,"6":0,"7":0,"8":0,"9":0,"10":0,"11":0,"12":0,"13":0,"14":0,"15":0,"16":0,"17":0,"18":0,"19":0,"20":0,"21":0,"22":0,"23":0,"24":0,"25":0,"26":0,"27":0,"28":0,"29":0,"30":0,"31":0,"32":0,"33":0,"34":0,"35":0,"36":0,"37":0,"38":0,"39":0,"40":0,"41":0,"42":0,"43":0,"44":0,"45":0,"46":0,"47":0,"48":0,"49":0,"50":0,"51":0,"52":0,"53":0,"54":0,"55":0,"56":0,"57":0,"58":0,"59":0,"60":0,"61":0,"62":0,"63":0,"64":0,"65":0,"66":0,"67":0,"68":0,"69":0,"70":0,"71":0,"72":0,"73":0,"74":0,"75":0,"76":0,"77":0,"78":0,"79":0,"80":0,"81":0,"82":0,"83":0,"84":0,"85":0,"86":0,"87":0,"88":0,"89":0,"90":0,"91":0,"92":0,"93":0,"94":0,"95":0,"96":0,"97":0,"98":0,"99":0,"100":0,"101":0,"102":0,"103":0,"104":0,"105":0,"106":0,"107":0,"108":0,"109":0,"110":0,"111":0,"112":0,"113":0,"114":0,"115":0,"116":0,"117":0,"118":0,"119":0,"120":0},"f":{"0":0,"1":0,"2":0,"3":0,"4":0,"5":0,"6":0,"7":0,"8":0,"9":0,"10":0,"11":0,"12":0,"13":0,"14":0,"15":0,"16":0,"17":0,"18":0,"19":0,"20":0,"21":0,"22":0,"23":0,"24":0,"25":0,"26":0},"b":{"0":[0,0],"1":[0,0],"2":[0,0],"3":[0,0],"4":[0,0],"5":[0,0],"6":[0,0],"7":[0,0],"8":[0,0],"9":[0,0],"10":[0,0,0],"11":[0,0],"12":[0,0],"13":[0,0],"14":[0,0],"15":[0,0],"16":[0,0],"17":[0,0],"18":[0,0],"19":[0,0],"20":[0,0],"21":[0,0],"22":[0,0],"23":[0,0],"24":[0,0],"25":[0,0],"26":[0,0],"27":[0,0],"28":[0,0,0],"29":[0,0],"30":[0,0],"31":[0,0],"32":[0,0],"33":[0,0]}}
,"/Users/steve/Documents/GitHub/Stinger/demos/web_demo/frontend/src/index.js": {"path":"/Users/steve/Documents/GitHub/Stinger/demos/web_demo/frontend/src/index.js","statementMap":{"0":{"start":{"line":6,"column":13},"end":{"line":6,"column":65}},"1":{"start":{"line":7,"column":0},"end":{"line":11,"column":2}}},"fnMap":{},"branchMap":{},"s":{"0":0,"1":0},"f":{},"b":{}}
,"/Users/steve/Documents/GitHub/Stinger/demos/web_demo/frontend/src/components/AuditLogViewer.js": {"path":"/Users/steve/Documents/GitHub/Stinger/demos/web_demo/frontend/src/components/AuditLogViewer.js","statementMap":{"0":{"start":{"line":7,"column":24},"end":{"line":24,"column":1}},"1":{"start":{"line":26,"column":15},"end":{"line":33,"column":1}},"2":{"start":{"line":35,"column":14},"end":{"line":44,"column":1}},"3":{"start":{"line":46,"column":22},"end":{"line":68,"column":1}},"4":{"start":{"line":70,"column":23},"end":{"line":75,"column":1}},"5":{"start":{"line":77,"column":17},"end":{"line":83,"column":1}},"6":{"start":{"line":85,"column":18},"end":{"line":90,"column":1}},"7":{"start":{"line":92,"column":18},"end":{"line":97,"column":1}},"8":{"start":{"line":99,"column":17},"end":{"line":111,"column":1}},"9":{"start":{"line":113,"column":18},"end":{"line":118,"column":1}},"10":{"start":{"line":120,"column":18},"end":{"line":148,"column":1}},"11":{"start":{"line":131,"column":4},"end":{"line":137,"column":5}},"12":{"start":{"line":132,"column":26},"end":{"line":132,"column":43}},"13":{"start":{"line":133,"column":27},"end":{"line":133,"column":44}},"14":{"start":{"line":134,"column":33},"end":{"line":134,"column":50}},"15":{"start":{"line":135,"column":34},"end":{"line":135,"column":51}},"16":{"start":{"line":136,"column":15},"end":{"line":136,"column":32}},"17":{"start":{"line":140,"column":4},"end":{"line":146,"column":5}},"18":{"start":{"line":141,"column":26},"end":{"line":141,"column":43}},"19":{"start":{"line":142,"column":27},"end":{"line":142,"column":44}},"20":{"start":{"line":143,"column":33},"end":{"line":143,"column":50}},"21":{"start":{"line":144,"column":34},"end":{"line":144,"column":51}},"22":{"start":{"line":145,"column":15},"end":{"line":145,"column":32}},"23":{"start":{"line":150,"column":18},"end":{"line":156,"column":1}},"24":{"start":{"line":158,"column":19},"end":{"line":161,"column":1}},"25":{"start":{"line":163,"column":17},"end":{"line":170,"column":1}},"26":{"start":{"line":172,"column":22},"end":{"line":194,"column":1}},"27":{"start":{"line":179,"column":4},"end":{"line":184,"column":5}},"28":{"start":{"line":180,"column":20},"end":{"line":180,"column":37}},"29":{"start":{"line":181,"column":20},"end":{"line":181,"column":37}},"30":{"start":{"line":182,"column":19},"end":{"line":182,"column":36}},"31":{"start":{"line":183,"column":15},"end":{"line":183,"column":32}},"32":{"start":{"line":187,"column":4},"end":{"line":192,"column":5}},"33":{"start":{"line":188,"column":20},"end":{"line":188,"column":37}},"34":{"start":{"line":189,"column":20},"end":{"line":189,"column":37}},"35":{"start":{"line":190,"column":19},"end":{"line":190,"column":36}},"36":{"start":{"line":191,"column":15},"end":{"line":191,"column":32}},"37":{"start":{"line":196,"column":19},"end":{"line":205,"column":1}},"38":{"start":{"line":207,"column":21},"end":{"line":214,"column":1}},"39":{"start":{"line":216,"column":16},"end":{"line":228,"column":1}},"40":{"start":{"line":231,"column":36},"end":{"line":231,"column":50}},"41":{"start":{"line":232,"column":32},"end":{"line":232,"column":46}},"42":{"start":{"line":233,"column":38},"end":{"line":233,"column":53}},"43":{"start":{"line":234,"column":28},"end":{"line":234,"column":42}},"44":{"start":{"line":235,"column":22},"end":{"line":235,"column":34}},"45":{"start":{"line":237,"column":2},"end":{"line":248,"column":9}},"46":{"start":{"line":238,"column":4},"end":{"line":238,"column":19}},"47":{"start":{"line":241,"column":4},"end":{"line":241,"column":58}},"48":{"start":{"line":243,"column":4},"end":{"line":247,"column":6}},"49":{"start":{"line":244,"column":6},"end":{"line":246,"column":7}},"50":{"start":{"line":245,"column":8},"end":{"line":245,"column":43}},"51":{"start":{"line":250,"column":23},"end":{"line":269,"column":3}},"52":{"start":{"line":251,"column":4},"end":{"line":268,"column":5}},"53":{"start":{"line":252,"column":6},"end":{"line":256,"column":7}},"54":{"start":{"line":253,"column":8},"end":{"line":253,"column":28}},"55":{"start":{"line":254,"column":13},"end":{"line":256,"column":7}},"56":{"start":{"line":255,"column":8},"end":{"line":255,"column":25}},"57":{"start":{"line":258,"column":6},"end":{"line":258,"column":21}},"58":{"start":{"line":259,"column":19},"end":{"line":259,"column":49}},"59":{"start":{"line":260,"column":6},"end":{"line":260,"column":25}},"60":{"start":{"line":263,"column":6},"end":{"line":263,"column":54}},"61":{"start":{"line":264,"column":6},"end":{"line":264,"column":28}},"62":{"start":{"line":266,"column":6},"end":{"line":266,"column":24}},"63":{"start":{"line":267,"column":6},"end":{"line":267,"column":27}},"64":{"start":{"line":271,"column":24},"end":{"line":273,"column":3}},"65":{"start":{"line":272,"column":4},"end":{"line":272,"column":23}},"66":{"start":{"line":275,"column":26},"end":{"line":282,"column":3}},"67":{"start":{"line":276,"column":4},"end":{"line":281,"column":5}},"68":{"start":{"line":277,"column":19},"end":{"line":277,"column":38}},"69":{"start":{"line":278,"column":6},"end":{"line":278,"column":42}},"70":{"start":{"line":280,"column":6},"end":{"line":280,"column":23}},"71":{"start":{"line":284,"column":25},"end":{"line":359,"column":3}},"72":{"start":{"line":285,"column":22},"end":{"line":285,"column":52}},"73":{"start":{"line":287,"column":4},"end":{"line":358,"column":6}},"74":{"start":{"line":361,"column":2},"end":{"line":370,"column":3}},"75":{"start":{"line":362,"column":4},"end":{"line":369,"column":6}},"76":{"start":{"line":372,"column":2},"end":{"line":394,"column":3}},"77":{"start":{"line":373,"column":4},"end":{"line":393,"column":6}},"78":{"start":{"line":396,"column":23},"end":{"line":396,"column":52}},"79":{"start":{"line":397,"column":24},"end":{"line":397,"column":55}},"80":{"start":{"line":399,"column":2},"end":{"line":449,"column":4}}},"fnMap":{"0":{"name":"(anonymous_0)","decl":{"start":{"line":130,"column":16},"end":{"line":130,"column":17}},"loc":{"start":{"line":130,"column":25},"end":{"line":138,"column":3}},"line":130},"1":{"name":"(anonymous_1)","decl":{"start":{"line":139,"column":11},"end":{"line":139,"column":12}},"loc":{"start":{"line":139,"column":20},"end":{"line":147,"column":3}},"line":139},"2":{"name":"(anonymous_2)","decl":{"start":{"line":178,"column":16},"end":{"line":178,"column":17}},"loc":{"start":{"line":178,"column":25},"end":{"line":185,"column":3}},"line":178},"3":{"name":"(anonymous_3)","decl":{"start":{"line":186,"column":11},"end":{"line":186,"column":12}},"loc":{"start":{"line":186,"column":20},"end":{"line":193,"column":3}},"line":186},"4":{"name":"AuditLogViewer","decl":{"start":{"line":230,"column":9},"end":{"line":230,"column":23}},"loc":{"start":{"line":230,"column":26},"end":{"line":450,"column":1}},"line":230},"5":{"name":"(anonymous_5)","decl":{"start":{"line":237,"column":12},"end":{"line":237,"column":13}},"loc":{"start":{"line":237,"column":18},"end":{"line":248,"column":3}},"line":237},"6":{"name":"(anonymous_6)","decl":{"start":{"line":243,"column":11},"end":{"line":243,"column":12}},"loc":{"start":{"line":243,"column":17},"end":{"line":247,"column":5}},"line":243},"7":{"name":"(anonymous_7)","decl":{"start":{"line":250,"column":23},"end":{"line":250,"column":24}},"loc":{"start":{"line":250,"column":52},"end":{"line":269,"column":3}},"line":250},"8":{"name":"(anonymous_8)","decl":{"start":{"line":271,"column":24},"end":{"line":271,"column":25}},"loc":{"start":{"line":271,"column":30},"end":{"line":273,"column":3}},"line":271},"9":{"name":"(anonymous_9)","decl":{"start":{"line":275,"column":26},"end":{"line":275,"column":27}},"loc":{"start":{"line":275,"column":41},"end":{"line":282,"column":3}},"line":275},"10":{"name":"(anonymous_10)","decl":{"start":{"line":284,"column":25},"end":{"line":284,"column":26}},"loc":{"start":{"line":284,"column":44},"end":{"line":359,"column":3}},"line":284}},"branchMap":{"0":{"loc":{"start":{"line":131,"column":4},"end":{"line":137,"column":5}},"type":"switch","locations":[{"start":{"line":132,"column":6},"end":{"line":132,"column":43}},{"start":{"line":133,"column":6},"end":{"line":133,"column":44}},{"start":{"line":134,"column":6},"end":{"line":134,"column":50}},{"start":{"line":135,"column":6},"end":{"line":135,"column":51}},{"start":{"line":136,"column":6},"end":{"line":136,"column":32}}],"line":131},"1":{"loc":{"start":{"line":140,"column":4},"end":{"line":146,"column":5}},"type":"switch","locations":[{"start":{"line":141,"column":6},"end":{"line":141,"column":43}},{"start":{"line":142,"column":6},"end":{"line":142,"column":44}},{"start":{"line":143,"column":6},"end":{"line":143,"column":50}},{"start":{"line":144,"column":6},"end":{"line":144,"column":51}},{"start":{"line":145,"column":6},"end":{"line":145,"column":32}}],"line":140},"2":{"loc":{"start":{"line":179,"column":4},"end":{"line":184,"column":5}},"type":"switch","locations":[{"start":{"line":180,"column":6},"end":{"line":180,"column":37}},{"start":{"line":181,"column":6},"end":{"line":181,"column":37}},{"start":{"line":182,"column":6},"end":{"line":182,"column":36}},{"start":{"line":183,"column":6},"end":{"line":183,"column":32}}],"line":179},"3":{"loc":{"start":{"line":187,"column":4},"end":{"line":192,"column":5}},"type":"switch","locations":[{"start":{"line":188,"column":6},"end":{"line":188,"column":37}},{"start":{"line":189,"column":6},"end":{"line":189,"column":37}},{"start":{"line":190,"column":6},"end":{"line":190,"column":36}},{"start":{"line":191,"column":6},"end":{"line":191,"column":32}}],"line":187},"4":{"loc":{"start":{"line":244,"column":6},"end":{"line":246,"column":7}},"type":"if","locations":[{"start":{"line":244,"column":6},"end":{"line":246,"column":7}},{"start":{},"end":{}}],"line":244},"5":{"loc":{"start":{"line":250,"column":30},"end":{"line":250,"column":47}},"type":"default-arg","locations":[{"start":{"line":250,"column":42},"end":{"line":250,"column":47}}],"line":250},"6":{"loc":{"start":{"line":252,"column":6},"end":{"line":256,"column":7}},"type":"if","locations":[{"start":{"line":252,"column":6},"end":{"line":256,"column":7}},{"start":{"line":254,"column":13},"end":{"line":256,"column":7}}],"line":252},"7":{"loc":{"start":{"line":254,"column":13},"end":{"line":256,"column":7}},"type":"if","locations":[{"start":{"line":254,"column":13},"end":{"line":256,"column":7}},{"start":{},"end":{}}],"line":254},"8":{"loc":{"start":{"line":285,"column":22},"end":{"line":285,"column":52}},"type":"binary-expr","locations":[{"start":{"line":285,"column":22},"end":{"line":285,"column":39}},{"start":{"line":285,"column":43},"end":{"line":285,"column":52}}],"line":285},"9":{"loc":{"start":{"line":291,"column":13},"end":{"line":291,"column":73}},"type":"binary-expr","locations":[{"start":{"line":291,"column":13},"end":{"line":291,"column":40}},{"start":{"line":291,"column":44},"end":{"line":291,"column":73}}],"line":291},"10":{"loc":{"start":{"line":292,"column":13},"end":{"line":292,"column":74}},"type":"binary-expr","locations":[{"start":{"line":292,"column":13},"end":{"line":292,"column":41}},{"start":{"line":292,"column":45},"end":{"line":292,"column":74}}],"line":292},"11":{"loc":{"start":{"line":293,"column":13},"end":{"line":293,"column":70}},"type":"binary-expr","locations":[{"start":{"line":293,"column":13},"end":{"line":293,"column":47}},{"start":{"line":293,"column":51},"end":{"line":293,"column":70}}],"line":293},"12":{"loc":{"start":{"line":294,"column":13},"end":{"line":294,"column":76}},"type":"binary-expr","locations":[{"start":{"line":294,"column":13},"end":{"line":294,"column":48}},{"start":{"line":294,"column":52},"end":{"line":294,"column":76}}],"line":294},"13":{"loc":{"start":{"line":303,"column":9},"end":{"line":309,"column":9}},"type":"binary-expr","locations":[{"start":{"line":303,"column":10},"end":{"line":303,"column":24}},{"start":{"line":303,"column":28},"end":{"line":303,"column":50}},{"start":{"line":304,"column":10},"end":{"line":308,"column":21}}],"line":303},"14":{"loc":{"start":{"line":306,"column":13},"end":{"line":306,"column":56}},"type":"binary-expr","locations":[{"start":{"line":306,"column":13},"end":{"line":306,"column":27}},{"start":{"line":306,"column":31},"end":{"line":306,"column":56}}],"line":306},"15":{"loc":{"start":{"line":307,"column":13},"end":{"line":307,"column":85}},"type":"binary-expr","locations":[{"start":{"line":307,"column":13},"end":{"line":307,"column":35}},{"start":{"line":307,"column":39},"end":{"line":307,"column":85}}],"line":307},"16":{"loc":{"start":{"line":312,"column":11},"end":{"line":316,"column":11}},"type":"binary-expr","locations":[{"start":{"line":312,"column":11},"end":{"line":312,"column":38}},{"start":{"line":313,"column":12},"end":{"line":315,"column":18}}],"line":312},"17":{"loc":{"start":{"line":314,"column":40},"end":{"line":314,"column":62}},"type":"binary-expr","locations":[{"start":{"line":314,"column":40},"end":{"line":314,"column":53}},{"start":{"line":314,"column":57},"end":{"line":314,"column":62}}],"line":314},"18":{"loc":{"start":{"line":318,"column":11},"end":{"line":327,"column":11}},"type":"binary-expr","locations":[{"start":{"line":318,"column":11},"end":{"line":318,"column":39}},{"start":{"line":319,"column":12},"end":{"line":326,"column":18}}],"line":318},"19":{"loc":{"start":{"line":320,"column":42},"end":{"line":320,"column":66}},"type":"binary-expr","locations":[{"start":{"line":320,"column":42},"end":{"line":320,"column":57}},{"start":{"line":320,"column":61},"end":{"line":320,"column":66}}],"line":320},"20":{"loc":{"start":{"line":321,"column":15},"end":{"line":325,"column":15}},"type":"binary-expr","locations":[{"start":{"line":321,"column":15},"end":{"line":321,"column":32}},{"start":{"line":322,"column":16},"end":{"line":324,"column":22}}],"line":321},"21":{"loc":{"start":{"line":329,"column":11},"end":{"line":348,"column":11}},"type":"binary-expr","locations":[{"start":{"line":329,"column":11},"end":{"line":329,"column":45}},{"start":{"line":330,"column":12},"end":{"line":347,"column":18}}],"line":329},"22":{"loc":{"start":{"line":332,"column":42},"end":{"line":332,"column":69}},"type":"binary-expr","locations":[{"start":{"line":332,"column":42},"end":{"line":332,"column":60}},{"start":{"line":332,"column":64},"end":{"line":332,"column":69}}],"line":332},"23":{"loc":{"start":{"line":334,"column":19},"end":{"line":334,"column":47}},"type":"binary-expr","locations":[{"start":{"line":334,"column":19},"end":{"line":334,"column":34}},{"start":{"line":334,"column":38},"end":{"line":334,"column":47}}],"line":334},"24":{"loc":{"start":{"line":337,"column":15},"end":{"line":341,"column":15}},"type":"binary-expr","locations":[{"start":{"line":337,"column":15},"end":{"line":337,"column":28}},{"start":{"line":338,"column":16},"end":{"line":340,"column":22}}],"line":337},"25":{"loc":{"start":{"line":342,"column":15},"end":{"line":346,"column":15}},"type":"binary-expr","locations":[{"start":{"line":342,"column":15},"end":{"line":342,"column":32}},{"start":{"line":343,"column":16},"end":{"line":345,"column":22}}],"line":342},"26":{"loc":{"start":{"line":350,"column":11},"end":{"line":355,"column":11}},"type":"binary-expr","locations":[{"start":{"line":350,"column":11},"end":{"line":350,"column":46}},{"start":{"line":351,"column":12},"end":{"line":354,"column":18}}],"line":350},"27":{"loc":{"start":{"line":352,"column":50},"end":{"line":352,"column":77}},"type":"binary-expr","locations":[{"start":{"line":352,"column":50},"end":{"line":352,"column":68}},{"start":{"line":352,"column":72},"end":{"line":352,"column":77}}],"line":352},"28":{"loc":{"start":{"line":353,"column":52},"end":{"line":353,"column":94}},"type":"cond-expr","locations":[{"start":{"line":353,"column":72},"end":{"line":353,"column":81}},{"start":{"line":353,"column":84},"end":{"line":353,"column":94}}],"line":353},"29":{"loc":{"start":{"line":361,"column":2},"end":{"line":370,"column":3}},"type":"if","locations":[{"start":{"line":361,"column":2},"end":{"line":370,"column":3}},{"start":{},"end":{}}],"line":361},"30":{"loc":{"start":{"line":372,"column":2},"end":{"line":394,"column":3}},"type":"if","locations":[{"start":{"line":372,"column":2},"end":{"line":394,"column":3}},{"start":{},"end":{}}],"line":372},"31":{"loc":{"start":{"line":381,"column":45},"end":{"line":381,"column":92}},"type":"cond-expr","locations":[{"start":{"line":381,"column":58},"end":{"line":381,"column":83}},{"start":{"line":381,"column":86},"end":{"line":381,"column":92}}],"line":381},"32":{"loc":{"start":{"line":396,"column":23},"end":{"line":396,"column":52}},"type":"binary-expr","locations":[{"start":{"line":396,"column":23},"end":{"line":396,"column":47}},{"start":{"line":396,"column":51},"end":{"line":396,"column":52}}],"line":396},"33":{"loc":{"start":{"line":397,"column":24},"end":{"line":397,"column":55}},"type":"binary-expr","locations":[{"start":{"line":397,"column":24},"end":{"line":397,"column":49}},{"start":{"line":397,"column":53},"end":{"line":397,"column":55}}],"line":397},"34":{"loc":{"start":{"line":407,"column":43},"end":{"line":407,"column":90}},"type":"cond-expr","locations":[{"start":{"line":407,"column":56},"end":{"line":407,"column":81}},{"start":{"line":407,"column":84},"end":{"line":407,"column":90}}],"line":407},"35":{"loc":{"start":{"line":423,"column":7},"end":{"line":447,"column":7}},"type":"cond-expr","locations":[{"start":{"line":424,"column":8},"end":{"line":432,"column":21}},{"start":{"line":434,"column":8},"end":{"line":446,"column":14}}],"line":423},"36":{"loc":{"start":{"line":436,"column":11},"end":{"line":445,"column":11}},"type":"binary-expr","locations":[{"start":{"line":436,"column":11},"end":{"line":436,"column":46}},{"start":{"line":437,"column":12},"end":{"line":444,"column":18}}],"line":436}},"s":{"0":0,"1":0,"2":0,"3":0,"4":0,"5":0,"6":0,"7":0,"8":0,"9":0,"10":0,"11":0,"12":0,"13":0,"14":0,"15":0,"16":0,"17":0,"18":0,"19":0,"20":0,"21":0,"22":0,"23":0,"24":0,"25":0,"26":0,"27":0,"28":0,"29":0,"30":0,"31":0,"32":0,"33":0,"34":0,"35":0,"36":0,"37":0,"38":0,"39":0,"40":0,"41":0,"42":0,"43":0,"44":0,"45":0,"46":0,"47":0,"48":0,"49":0,"50":0,"51":0,"52":0,"53":0,"54":0,"55":0,"56":0,"57":0,"58":0,"59":0,"60":0,"61":0,"62":0,"63":0,"64":0,"65":0,"66":0,"67":0,"68":0,"69":0,"70":0,"71":0,"72":0,"73":0,"74":0,"75":0,"76":0,"77":0,"78":0,"79":0,"80":0},"f":{"0":0,"1":0,"2":0,"3":0,"4":0,"5":0,"6":0,"7":0,"8":0,"9":0,"10":0},"b":{"0":[0,0,0,0,0],"1":[0,0,0,0,0],"2":[0,0,0,0],"3":[0,0,0,0],"4":[0,0],"5":[0],"6":[0,0],"7":[0,0],"8":[0,0],"9":[0,0],"10":[0,0],"11":[0,0],"12":[0,0],"13":[0,0,0],"14":[0,0],"15":[0,0],"16":[0,0],"17":[0,0],"18":[0,0],"19":[0,0],"20":[0,0],"21":[0,0],"22":[0,0],"23":[0,0],"24":[0,0],"25":[0,0],"26":[0,0],"27":[0,0],"28":[0,0],"29":[0,0],"30":[0,0],"31":[0,0],"32":[0,0],"33":[0,0],"34":[0,0],"35":[0,0],"36":[0,0]}}
,"/Users/steve/Documents/GitHub/Stinger/demos/web_demo/frontend/src/components/ChatInterface.js": {"path":"/Users/steve/Documents/GitHub/Stinger/demos/web_demo/frontend/src/components/ChatInterface.js","statementMap":{"0":{"start":{"line":5,"column":22},"end":{"line":14,"column":1}},"1":{"start":{"line":16,"column":21},"end":{"line":40,"column":1}},"2":{"start":{"line":42,"column":22},"end":{"line":63,"column":1}},"3":{"start":{"line":48,"column":25},"end":{"line":48,"column":76}},"4":{"start":{"line":50,"column":4},"end":{"line":50,"column":40}},"5":{"start":{"line":50,"column":23},"end":{"line":50,"column":40}},"6":{"start":{"line":51,"column":4},"end":{"line":51,"column":59}},"7":{"start":{"line":54,"column":4},"end":{"line":54,"column":40}},"8":{"start":{"line":54,"column":23},"end":{"line":54,"column":40}},"9":{"start":{"line":55,"column":4},"end":{"line":55,"column":57}},"10":{"start":{"line":57,"column":21},"end":{"line":57,"column":75}},"11":{"start":{"line":60,"column":13},"end":{"line":62,"column":3}},"12":{"start":{"line":65,"column":22},"end":{"line":73,"column":1}},"13":{"start":{"line":75,"column":20},"end":{"line":81,"column":1}},"14":{"start":{"line":83,"column":23},"end":{"line":90,"column":1}},"15":{"start":{"line":92,"column":22},"end":{"line":98,"column":1}},"16":{"start":{"line":100,"column":20},"end":{"line":108,"column":1}},"17":{"start":{"line":110,"column":21},"end":{"line":118,"column":1}},"18":{"start":{"line":120,"column":18},"end":{"line":124,"column":1}},"19":{"start":{"line":126,"column":23},"end":{"line":130,"column":1}},"20":{"start":{"line":132,"column":21},"end":{"line":158,"column":1}},"21":{"start":{"line":160,"column":19},"end":{"line":182,"column":1}},"22":{"start":{"line":162,"column":25},"end":{"line":162,"column":63}},"23":{"start":{"line":163,"column":20},"end":{"line":163,"column":56}},"24":{"start":{"line":166,"column":21},"end":{"line":166,"column":63}},"25":{"start":{"line":184,"column":19},"end":{"line":193,"column":1}},"26":{"start":{"line":195,"column":25},"end":{"line":202,"column":1}},"27":{"start":{"line":204,"column":16},"end":{"line":216,"column":1}},"28":{"start":{"line":219,"column":34},"end":{"line":219,"column":46}},"29":{"start":{"line":220,"column":38},"end":{"line":220,"column":50}},"30":{"start":{"line":221,"column":36},"end":{"line":221,"column":51}},"31":{"start":{"line":222,"column":25},"end":{"line":222,"column":37}},"32":{"start":{"line":224,"column":25},"end":{"line":226,"column":3}},"33":{"start":{"line":225,"column":4},"end":{"line":225,"column":67}},"34":{"start":{"line":228,"column":2},"end":{"line":230,"column":17}},"35":{"start":{"line":229,"column":4},"end":{"line":229,"column":21}},"36":{"start":{"line":232,"column":21},"end":{"line":277,"column":3}},"37":{"start":{"line":233,"column":4},"end":{"line":233,"column":48}},"38":{"start":{"line":233,"column":41},"end":{"line":233,"column":48}},"39":{"start":{"line":235,"column":24},"end":{"line":240,"column":5}},"40":{"start":{"line":242,"column":4},"end":{"line":242,"column":48}},"41":{"start":{"line":242,"column":24},"end":{"line":242,"column":46}},"42":{"start":{"line":243,"column":4},"end":{"line":243,"column":22}},"43":{"start":{"line":244,"column":4},"end":{"line":244,"column":23}},"44":{"start":{"line":246,"column":4},"end":{"line":276,"column":5}},"45":{"start":{"line":247,"column":23},"end":{"line":247,"column":54}},"46":{"start":{"line":250,"column":31},"end":{"line":259,"column":7}},"47":{"start":{"line":261,"column":6},"end":{"line":261,"column":55}},"48":{"start":{"line":261,"column":26},"end":{"line":261,"column":53}},"49":{"start":{"line":265,"column":27},"end":{"line":271,"column":7}},"50":{"start":{"line":273,"column":6},"end":{"line":273,"column":51}},"51":{"start":{"line":273,"column":26},"end":{"line":273,"column":49}},"52":{"start":{"line":275,"column":6},"end":{"line":275,"column":26}},"53":{"start":{"line":279,"column":24},"end":{"line":284,"column":3}},"54":{"start":{"line":280,"column":4},"end":{"line":283,"column":5}},"55":{"start":{"line":281,"column":6},"end":{"line":281,"column":25}},"56":{"start":{"line":282,"column":6},"end":{"line":282,"column":19}},"57":{"start":{"line":286,"column":24},"end":{"line":345,"column":3}},"58":{"start":{"line":287,"column":4},"end":{"line":297,"column":5}},"59":{"start":{"line":288,"column":6},"end":{"line":296,"column":8}},"60":{"start":{"line":299,"column":4},"end":{"line":344,"column":6}},"61":{"start":{"line":325,"column":20},"end":{"line":325,"column":49}},"62":{"start":{"line":338,"column":16},"end":{"line":338,"column":46}},"63":{"start":{"line":347,"column":2},"end":{"line":400,"column":4}},"64":{"start":{"line":382,"column":29},"end":{"line":382,"column":58}}},"fnMap":{"0":{"name":"(anonymous_0)","decl":{"start":{"line":48,"column":16},"end":{"line":48,"column":17}},"loc":{"start":{"line":48,"column":25},"end":{"line":48,"column":76}},"line":48},"1":{"name":"(anonymous_1)","decl":{"start":{"line":49,"column":16},"end":{"line":49,"column":17}},"loc":{"start":{"line":49,"column":25},"end":{"line":52,"column":3}},"line":49},"2":{"name":"(anonymous_2)","decl":{"start":{"line":53,"column":11},"end":{"line":53,"column":12}},"loc":{"start":{"line":53,"column":20},"end":{"line":56,"column":3}},"line":53},"3":{"name":"(anonymous_3)","decl":{"start":{"line":57,"column":12},"end":{"line":57,"column":13}},"loc":{"start":{"line":57,"column":21},"end":{"line":57,"column":75}},"line":57},"4":{"name":"(anonymous_4)","decl":{"start":{"line":60,"column":4},"end":{"line":60,"column":5}},"loc":{"start":{"line":60,"column":13},"end":{"line":62,"column":3}},"line":60},"5":{"name":"(anonymous_5)","decl":{"start":{"line":162,"column":16},"end":{"line":162,"column":17}},"loc":{"start":{"line":162,"column":25},"end":{"line":162,"column":63}},"line":162},"6":{"name":"(anonymous_6)","decl":{"start":{"line":163,"column":11},"end":{"line":163,"column":12}},"loc":{"start":{"line":163,"column":20},"end":{"line":163,"column":56}},"line":163},"7":{"name":"(anonymous_7)","decl":{"start":{"line":166,"column":12},"end":{"line":166,"column":13}},"loc":{"start":{"line":166,"column":21},"end":{"line":166,"column":63}},"line":166},"8":{"name":"ChatInterface","decl":{"start":{"line":218,"column":9},"end":{"line":218,"column":22}},"loc":{"start":{"line":218,"column":56},"end":{"line":401,"column":1}},"line":218},"9":{"name":"(anonymous_9)","decl":{"start":{"line":224,"column":25},"end":{"line":224,"column":26}},"loc":{"start":{"line":224,"column":31},"end":{"line":226,"column":3}},"line":224},"10":{"name":"(anonymous_10)","decl":{"start":{"line":228,"column":12},"end":{"line":228,"column":13}},"loc":{"start":{"line":228,"column":18},"end":{"line":230,"column":3}},"line":228},"11":{"name":"(anonymous_11)","decl":{"start":{"line":232,"column":21},"end":{"line":232,"column":22}},"loc":{"start":{"line":232,"column":33},"end":{"line":277,"column":3}},"line":232},"12":{"name":"(anonymous_12)","decl":{"start":{"line":242,"column":16},"end":{"line":242,"column":17}},"loc":{"start":{"line":242,"column":24},"end":{"line":242,"column":46}},"line":242},"13":{"name":"(anonymous_13)","decl":{"start":{"line":261,"column":18},"end":{"line":261,"column":19}},"loc":{"start":{"line":261,"column":26},"end":{"line":261,"column":53}},"line":261},"14":{"name":"(anonymous_14)","decl":{"start":{"line":273,"column":18},"end":{"line":273,"column":19}},"loc":{"start":{"line":273,"column":26},"end":{"line":273,"column":49}},"line":273},"15":{"name":"(anonymous_15)","decl":{"start":{"line":279,"column":24},"end":{"line":279,"column":25}},"loc":{"start":{"line":279,"column":31},"end":{"line":284,"column":3}},"line":279},"16":{"name":"(anonymous_16)","decl":{"start":{"line":286,"column":24},"end":{"line":286,"column":25}},"loc":{"start":{"line":286,"column":37},"end":{"line":345,"column":3}},"line":286},"17":{"name":"(anonymous_17)","decl":{"start":{"line":324,"column":39},"end":{"line":324,"column":40}},"loc":{"start":{"line":325,"column":20},"end":{"line":325,"column":49}},"line":325},"18":{"name":"(anonymous_18)","decl":{"start":{"line":337,"column":36},"end":{"line":337,"column":37}},"loc":{"start":{"line":338,"column":16},"end":{"line":338,"column":46}},"line":338},"19":{"name":"(anonymous_19)","decl":{"start":{"line":382,"column":22},"end":{"line":382,"column":23}},"loc":{"start":{"line":382,"column":29},"end":{"line":382,"column":58}},"line":382}},"branchMap":{"0":{"loc":{"start":{"line":48,"column":25},"end":{"line":48,"column":76}},"type":"cond-expr","locations":[{"start":{"line":48,"column":51},"end":{"line":48,"column":61}},{"start":{"line":48,"column":64},"end":{"line":48,"column":76}}],"line":48},"1":{"loc":{"start":{"line":50,"column":4},"end":{"line":50,"column":40}},"type":"if","locations":[{"start":{"line":50,"column":4},"end":{"line":50,"column":40}},{"start":{},"end":{}}],"line":50},"2":{"loc":{"start":{"line":51,"column":11},"end":{"line":51,"column":58}},"type":"cond-expr","locations":[{"start":{"line":51,"column":37},"end":{"line":51,"column":46}},{"start":{"line":51,"column":49},"end":{"line":51,"column":58}}],"line":51},"3":{"loc":{"start":{"line":54,"column":4},"end":{"line":54,"column":40}},"type":"if","locations":[{"start":{"line":54,"column":4},"end":{"line":54,"column":40}},{"start":{},"end":{}}],"line":54},"4":{"loc":{"start":{"line":55,"column":11},"end":{"line":55,"column":56}},"type":"cond-expr","locations":[{"start":{"line":55,"column":37},"end":{"line":55,"column":44}},{"start":{"line":55,"column":47},"end":{"line":55,"column":56}}],"line":55},"5":{"loc":{"start":{"line":57,"column":21},"end":{"line":57,"column":75}},"type":"cond-expr","locations":[{"start":{"line":57,"column":47},"end":{"line":57,"column":53}},{"start":{"line":57,"column":56},"end":{"line":57,"column":75}}],"line":57},"6":{"loc":{"start":{"line":60,"column":13},"end":{"line":62,"column":3}},"type":"binary-expr","locations":[{"start":{"line":60,"column":13},"end":{"line":60,"column":26}},{"start":{"line":60,"column":30},"end":{"line":62,"column":3}}],"line":60},"7":{"loc":{"start":{"line":162,"column":25},"end":{"line":162,"column":63}},"type":"cond-expr","locations":[{"start":{"line":162,"column":42},"end":{"line":162,"column":51}},{"start":{"line":162,"column":54},"end":{"line":162,"column":63}}],"line":162},"8":{"loc":{"start":{"line":163,"column":20},"end":{"line":163,"column":56}},"type":"cond-expr","locations":[{"start":{"line":163,"column":37},"end":{"line":163,"column":46}},{"start":{"line":163,"column":49},"end":{"line":163,"column":56}}],"line":163},"9":{"loc":{"start":{"line":166,"column":21},"end":{"line":166,"column":63}},"type":"cond-expr","locations":[{"start":{"line":166,"column":38},"end":{"line":166,"column":51}},{"start":{"line":166,"column":54},"end":{"line":166,"column":63}}],"line":166},"10":{"loc":{"start":{"line":233,"column":4},"end":{"line":233,"column":48}},"type":"if","locations":[{"start":{"line":233,"column":4},"end":{"line":233,"column":48}},{"start":{},"end":{}}],"line":233},"11":{"loc":{"start":{"line":233,"column":8},"end":{"line":233,"column":39}},"type":"binary-expr","locations":[{"start":{"line":233,"column":8},"end":{"line":233,"column":26}},{"start":{"line":233,"column":30},"end":{"line":233,"column":39}}],"line":233},"12":{"loc":{"start":{"line":280,"column":4},"end":{"line":283,"column":5}},"type":"if","locations":[{"start":{"line":280,"column":4},"end":{"line":283,"column":5}},{"start":{},"end":{}}],"line":280},"13":{"loc":{"start":{"line":280,"column":8},"end":{"line":280,"column":40}},"type":"binary-expr","locations":[{"start":{"line":280,"column":8},"end":{"line":280,"column":25}},{"start":{"line":280,"column":29},"end":{"line":280,"column":40}}],"line":280},"14":{"loc":{"start":{"line":287,"column":4},"end":{"line":297,"column":5}},"type":"if","locations":[{"start":{"line":287,"column":4},"end":{"line":297,"column":5}},{"start":{},"end":{}}],"line":287},"15":{"loc":{"start":{"line":307,"column":15},"end":{"line":307,"column":65}},"type":"cond-expr","locations":[{"start":{"line":307,"column":43},"end":{"line":307,"column":53}},{"start":{"line":307,"column":56},"end":{"line":307,"column":65}}],"line":307},"16":{"loc":{"start":{"line":309,"column":13},"end":{"line":309,"column":60}},"type":"cond-expr","locations":[{"start":{"line":309,"column":41},"end":{"line":309,"column":46}},{"start":{"line":309,"column":49},"end":{"line":309,"column":60}}],"line":309},"17":{"loc":{"start":{"line":314,"column":9},"end":{"line":331,"column":9}},"type":"binary-expr","locations":[{"start":{"line":314,"column":9},"end":{"line":314,"column":24}},{"start":{"line":315,"column":10},"end":{"line":330,"column":27}}],"line":314},"18":{"loc":{"start":{"line":320,"column":13},"end":{"line":329,"column":13}},"type":"binary-expr","locations":[{"start":{"line":320,"column":13},"end":{"line":320,"column":28}},{"start":{"line":320,"column":32},"end":{"line":320,"column":58}},{"start":{"line":321,"column":14},"end":{"line":328,"column":20}}],"line":320},"19":{"loc":{"start":{"line":333,"column":9},"end":{"line":342,"column":9}},"type":"binary-expr","locations":[{"start":{"line":333,"column":9},"end":{"line":333,"column":25}},{"start":{"line":333,"column":29},"end":{"line":333,"column":56}},{"start":{"line":334,"column":10},"end":{"line":341,"column":25}}],"line":333},"20":{"loc":{"start":{"line":350,"column":9},"end":{"line":366,"column":9}},"type":"cond-expr","locations":[{"start":{"line":351,"column":10},"end":{"line":363,"column":23}},{"start":{"line":365,"column":10},"end":{"line":365,"column":37}}],"line":350},"21":{"loc":{"start":{"line":368,"column":9},"end":{"line":373,"column":9}},"type":"binary-expr","locations":[{"start":{"line":368,"column":9},"end":{"line":368,"column":18}},{"start":{"line":369,"column":10},"end":{"line":372,"column":29}}],"line":368},"22":{"loc":{"start":{"line":393,"column":22},"end":{"line":393,"column":53}},"type":"binary-expr","locations":[{"start":{"line":393,"column":22},"end":{"line":393,"column":40}},{"start":{"line":393,"column":44},"end":{"line":393,"column":53}}],"line":393}},"s":{"0":0,"1":0,"2":0,"3":0,"4":0,"5":0,"6":0,"7":0,"8":0,"9":0,"10":0,"11":0,"12":0,"13":0,"14":0,"15":0,"16":0,"17":0,"18":0,"19":0,"20":0,"21":0,"22":0,"23":0,"24":0,"25":0,"26":0,"27":0,"28":0,"29":0,"30":0,"31":0,"32":0,"33":0,"34":0,"35":0,"36":0,"37":0,"38":0,"39":0,"40":0,"41":0,"42":0,"43":0,"44":0,"45":0,"46":0,"47":0,"48":0,"49":0,"50":0,"51":0,"52":0,"53":0,"54":0,"55":0,"56":0,"57":0,"58":0,"59":0,"60":0,"61":0,"62":0,"63":0,"64":0},"f":{"0":0,"1":0,"2":0,"3":0,"4":0,"5":0,"6":0,"7":0,"8":0,"9":0,"10":0,"11":0,"12":0,"13":0,"14":0,"15":0,"16":0,"17":0,"18":0,"19":0},"b":{"0":[0,0],"1":[0,0],"2":[0,0],"3":[0,0],"4":[0,0],"5":[0,0],"6":[0,0],"7":[0,0],"8":[0,0],"9":[0,0],"10":[0,0],"11":[0,0],"12":[0,0],"13":[0,0],"14":[0,0],"15":[0,0],"16":[0,0],"17":[0,0],"18":[0,0,0],"19":[0,0,0],"20":[0,0],"21":[0,0],"22":[0,0]}}
,"/Users/steve/Documents/GitHub/Stinger/demos/web_demo/frontend/src/components/Header.js": {"path":"/Users/steve/Documents/GitHub/Stinger/demos/web_demo/frontend/src/components/Header.js","statementMap":{"0":{"start":{"line":6,"column":24},"end":{"line":15,"column":1}},"1":{"start":{"line":17,"column":20},"end":{"line":21,"column":1}},"2":{"start":{"line":23,"column":13},"end":{"line":29,"column":1}},"3":{"start":{"line":31,"column":17},"end":{"line":39,"column":1}},"4":{"start":{"line":41,"column":25},"end":{"line":50,"column":1}},"5":{"start":{"line":52,"column":18},"end":{"line":58,"column":1}},"6":{"start":{"line":56,"column":25},"end":{"line":56,"column":61}},"7":{"start":{"line":60,"column":21},"end":{"line":64,"column":1}},"8":{"start":{"line":66,"column":24},"end":{"line":75,"column":1}},"9":{"start":{"line":77,"column":21},"end":{"line":104,"column":1}},"10":{"start":{"line":106,"column":25},"end":{"line":125,"column":1}},"11":{"start":{"line":127,"column":25},"end":{"line":136,"column":1}},"12":{"start":{"line":138,"column":26},"end":{"line":145,"column":1}},"13":{"start":{"line":139,"column":25},"end":{"line":139,"column":63}},"14":{"start":{"line":147,"column":26},"end":{"line":150,"column":1}},"15":{"start":{"line":152,"column":20},"end":{"line":178,"column":1}},"16":{"start":{"line":180,"column":24},"end":{"line":189,"column":1}},"17":{"start":{"line":191,"column":23},"end":{"line":210,"column":1}},"18":{"start":{"line":213,"column":50},"end":{"line":213,"column":71}},"19":{"start":{"line":216,"column":2},"end":{"line":229,"column":9}},"20":{"start":{"line":217,"column":28},"end":{"line":224,"column":5}},"21":{"start":{"line":218,"column":6},"end":{"line":223,"column":7}},"22":{"start":{"line":219,"column":8},"end":{"line":219,"column":43}},"23":{"start":{"line":220,"column":8},"end":{"line":220,"column":41}},"24":{"start":{"line":222,"column":8},"end":{"line":222,"column":44}},"25":{"start":{"line":227,"column":21},"end":{"line":227,"column":56}},"26":{"start":{"line":228,"column":4},"end":{"line":228,"column":41}},"27":{"start":{"line":228,"column":17},"end":{"line":228,"column":40}},"28":{"start":{"line":231,"column":2},"end":{"line":290,"column":4}}},"fnMap":{"0":{"name":"(anonymous_0)","decl":{"start":{"line":56,"column":16},"end":{"line":56,"column":17}},"loc":{"start":{"line":56,"column":25},"end":{"line":56,"column":61}},"line":56},"1":{"name":"(anonymous_1)","decl":{"start":{"line":139,"column":16},"end":{"line":139,"column":17}},"loc":{"start":{"line":139,"column":25},"end":{"line":139,"column":63}},"line":139},"2":{"name":"Header","decl":{"start":{"line":212,"column":9},"end":{"line":212,"column":15}},"loc":{"start":{"line":212,"column":87},"end":{"line":291,"column":1}},"line":212},"3":{"name":"(anonymous_3)","decl":{"start":{"line":216,"column":12},"end":{"line":216,"column":13}},"loc":{"start":{"line":216,"column":18},"end":{"line":229,"column":3}},"line":216},"4":{"name":"(anonymous_4)","decl":{"start":{"line":217,"column":28},"end":{"line":217,"column":29}},"loc":{"start":{"line":217,"column":40},"end":{"line":224,"column":5}},"line":217},"5":{"name":"(anonymous_5)","decl":{"start":{"line":228,"column":11},"end":{"line":228,"column":12}},"loc":{"start":{"line":228,"column":17},"end":{"line":228,"column":40}},"line":228}},"branchMap":{"0":{"loc":{"start":{"line":56,"column":25},"end":{"line":56,"column":61}},"type":"cond-expr","locations":[{"start":{"line":56,"column":40},"end":{"line":56,"column":49}},{"start":{"line":56,"column":52},"end":{"line":56,"column":61}}],"line":56},"1":{"loc":{"start":{"line":139,"column":25},"end":{"line":139,"column":63}},"type":"cond-expr","locations":[{"start":{"line":139,"column":42},"end":{"line":139,"column":51}},{"start":{"line":139,"column":54},"end":{"line":139,"column":63}}],"line":139},"2":{"loc":{"start":{"line":245,"column":24},"end":{"line":245,"column":80}},"type":"cond-expr","locations":[{"start":{"line":245,"column":59},"end":{"line":245,"column":68}},{"start":{"line":245,"column":71},"end":{"line":245,"column":80}}],"line":245},"3":{"loc":{"start":{"line":248,"column":11},"end":{"line":248,"column":74}},"type":"cond-expr","locations":[{"start":{"line":248,"column":46},"end":{"line":248,"column":57}},{"start":{"line":248,"column":60},"end":{"line":248,"column":74}}],"line":248},"4":{"loc":{"start":{"line":254,"column":11},"end":{"line":273,"column":11}},"type":"cond-expr","locations":[{"start":{"line":255,"column":12},"end":{"line":267,"column":15}},{"start":{"line":269,"column":12},"end":{"line":272,"column":32}}],"line":254},"5":{"loc":{"start":{"line":261,"column":17},"end":{"line":261,"column":45}},"type":"binary-expr","locations":[{"start":{"line":261,"column":17},"end":{"line":261,"column":40}},{"start":{"line":261,"column":44},"end":{"line":261,"column":45}}],"line":261},"6":{"loc":{"start":{"line":261,"column":56},"end":{"line":261,"column":82}},"type":"binary-expr","locations":[{"start":{"line":261,"column":56},"end":{"line":261,"column":77}},{"start":{"line":261,"column":81},"end":{"line":261,"column":82}}],"line":261},"7":{"loc":{"start":{"line":278,"column":11},"end":{"line":278,"column":48}},"type":"binary-expr","locations":[{"start":{"line":278,"column":11},"end":{"line":278,"column":43}},{"start":{"line":278,"column":47},"end":{"line":278,"column":48}}],"line":278},"8":{"loc":{"start":{"line":278,"column":51},"end":{"line":278,"column":86}},"type":"binary-expr","locations":[{"start":{"line":278,"column":51},"end":{"line":278,"column":81}},{"start":{"line":278,"column":85},"end":{"line":278,"column":86}}],"line":278}},"s":{"0":0,"1":0,"2":0,"3":0,"4":0,"5":0,"6":0,"7":0,"8":0,"9":0,"10":0,"11":0,"12":0,"13":0,"14":0,"15":0,"16":0,"17":0,"18":0,"19":0,"20":0,"21":0,"22":0,"23":0,"24":0,"25":0,"26":0,"27":0,"28":0},"f":{"0":0,"1":0,"2":0,"3":0,"4":0,"5":0},"b":{"0":[0,0],"1":[0,0],"2":[0,0],"3":[0,0],"4":[0,0],"5":[0,0],"6":[0,0],"7":[0,0],"8":[0,0]}}
,"/Users/steve/Documents/GitHub/Stinger/demos/web_demo/frontend/src/components/SettingsPanel.js": {"path":"/Users/steve/Documents/GitHub/Stinger/demos/web_demo/frontend/src/components/SettingsPanel.js","statementMap":{"0":{"start":{"line":6,"column":23},"end":{"line":23,"column":1}},"1":{"start":{"line":25,"column":16},"end":{"line":27,"column":1}},"2":{"start":{"line":29,"column":22},"end":{"line":36,"column":1}},"3":{"start":{"line":38,"column":21},"end":{"line":43,"column":1}},"4":{"start":{"line":45,"column":23},"end":{"line":59,"column":1}},"5":{"start":{"line":61,"column":23},"end":{"line":63,"column":1}},"6":{"start":{"line":65,"column":19},"end":{"line":72,"column":1}},"7":{"start":{"line":74,"column":22},"end":{"line":88,"column":1}},"8":{"start":{"line":80,"column":25},"end":{"line":80,"column":62}},"9":{"start":{"line":81,"column":31},"end":{"line":81,"column":68}},"10":{"start":{"line":86,"column":27},"end":{"line":86,"column":64}},"11":{"start":{"line":90,"column":22},"end":{"line":92,"column":1}},"12":{"start":{"line":94,"column":22},"end":{"line":99,"column":1}},"13":{"start":{"line":101,"column":29},"end":{"line":104,"column":1}},"14":{"start":{"line":106,"column":15},"end":{"line":132,"column":1}},"15":{"start":{"line":111,"column":25},"end":{"line":111,"column":62}},"16":{"start":{"line":117,"column":27},"end":{"line":117,"column":64}},"17":{"start":{"line":124,"column":21},"end":{"line":124,"column":51}},"18":{"start":{"line":134,"column":20},"end":{"line":144,"column":1}},"19":{"start":{"line":142,"column":25},"end":{"line":142,"column":62}},"20":{"start":{"line":143,"column":20},"end":{"line":143,"column":57}},"21":{"start":{"line":146,"column":19},"end":{"line":170,"column":1}},"22":{"start":{"line":172,"column":21},"end":{"line":180,"column":1}},"23":{"start":{"line":182,"column":23},"end":{"line":190,"column":1}},"24":{"start":{"line":192,"column":30},"end":{"line":200,"column":1}},"25":{"start":{"line":203,"column":44},"end":{"line":203,"column":58}},"26":{"start":{"line":204,"column":38},"end":{"line":204,"column":53}},"27":{"start":{"line":205,"column":30},"end":{"line":205,"column":45}},"28":{"start":{"line":206,"column":32},"end":{"line":206,"column":44}},"29":{"start":{"line":207,"column":28},"end":{"line":207,"column":42}},"30":{"start":{"line":208,"column":32},"end":{"line":208,"column":46}},"31":{"start":{"line":210,"column":2},"end":{"line":215,"column":17}},"32":{"start":{"line":211,"column":4},"end":{"line":214,"column":5}},"33":{"start":{"line":212,"column":6},"end":{"line":212,"column":40}},"34":{"start":{"line":213,"column":6},"end":{"line":213,"column":27}},"35":{"start":{"line":217,"column":2},"end":{"line":219,"column":9}},"36":{"start":{"line":218,"column":4},"end":{"line":218,"column":18}},"37":{"start":{"line":221,"column":22},"end":{"line":228,"column":3}},"38":{"start":{"line":222,"column":4},"end":{"line":227,"column":5}},"39":{"start":{"line":223,"column":26},"end":{"line":223,"column":64}},"40":{"start":{"line":224,"column":6},"end":{"line":224,"column":38}},"41":{"start":{"line":226,"column":6},"end":{"line":226,"column":52}},"42":{"start":{"line":230,"column":32},"end":{"line":248,"column":3}},"43":{"start":{"line":231,"column":4},"end":{"line":231,"column":77}},"44":{"start":{"line":232,"column":4},"end":{"line":232,"column":31}},"45":{"start":{"line":232,"column":24},"end":{"line":232,"column":31}},"46":{"start":{"line":234,"column":24},"end":{"line":234,"column":44}},"47":{"start":{"line":235,"column":24},"end":{"line":235,"column":83}},"48":{"start":{"line":237,"column":4},"end":{"line":241,"column":6}},"49":{"start":{"line":238,"column":6},"end":{"line":240,"column":19}},"50":{"start":{"line":243,"column":4},"end":{"line":243,"column":53}},"51":{"start":{"line":244,"column":4},"end":{"line":244,"column":34}},"52":{"start":{"line":245,"column":4},"end":{"line":245,"column":24}},"53":{"start":{"line":246,"column":4},"end":{"line":246,"column":19}},"54":{"start":{"line":247,"column":4},"end":{"line":247,"column":21}},"55":{"start":{"line":250,"column":29},"end":{"line":265,"column":3}},"56":{"start":{"line":251,"column":4},"end":{"line":251,"column":24}},"57":{"start":{"line":251,"column":17},"end":{"line":251,"column":24}},"58":{"start":{"line":253,"column":4},"end":{"line":264,"column":5}},"59":{"start":{"line":254,"column":6},"end":{"line":254,"column":22}},"60":{"start":{"line":255,"column":6},"end":{"line":255,"column":21}},"61":{"start":{"line":256,"column":6},"end":{"line":256,"column":35}},"62":{"start":{"line":257,"column":6},"end":{"line":257,"column":27}},"63":{"start":{"line":258,"column":6},"end":{"line":258,"column":57}},"64":{"start":{"line":259,"column":6},"end":{"line":259,"column":47}},"65":{"start":{"line":259,"column":23},"end":{"line":259,"column":39}},"66":{"start":{"line":261,"column":6},"end":{"line":261,"column":56}},"67":{"start":{"line":263,"column":6},"end":{"line":263,"column":23}},"68":{"start":{"line":267,"column":21},"end":{"line":288,"column":3}},"69":{"start":{"line":268,"column":4},"end":{"line":268,"column":98}},"70":{"start":{"line":269,"column":4},"end":{"line":272,"column":5}},"71":{"start":{"line":270,"column":6},"end":{"line":270,"column":70}},"72":{"start":{"line":271,"column":6},"end":{"line":271,"column":13}},"73":{"start":{"line":274,"column":4},"end":{"line":287,"column":5}},"74":{"start":{"line":275,"column":6},"end":{"line":275,"column":22}},"75":{"start":{"line":276,"column":6},"end":{"line":276,"column":21}},"76":{"start":{"line":277,"column":6},"end":{"line":277,"column":70}},"77":{"start":{"line":278,"column":6},"end":{"line":278,"column":44}},"78":{"start":{"line":279,"column":6},"end":{"line":279,"column":27}},"79":{"start":{"line":280,"column":6},"end":{"line":280,"column":48}},"80":{"start":{"line":281,"column":6},"end":{"line":281,"column":47}},"81":{"start":{"line":281,"column":23},"end":{"line":281,"column":39}},"82":{"start":{"line":283,"column":6},"end":{"line":283,"column":52}},"83":{"start":{"line":284,"column":6},"end":{"line":284,"column":58}},"84":{"start":{"line":286,"column":6},"end":{"line":286,"column":23}},"85":{"start":{"line":290,"column":2},"end":{"line":306,"column":3}},"86":{"start":{"line":291,"column":4},"end":{"line":305,"column":6}},"87":{"start":{"line":308,"column":2},"end":{"line":395,"column":4}},"88":{"start":{"line":321,"column":27},"end":{"line":321,"column":61}},"89":{"start":{"line":326,"column":12},"end":{"line":328,"column":21}},"90":{"start":{"line":327,"column":59},"end":{"line":327,"column":74}},"91":{"start":{"line":342,"column":12},"end":{"line":359,"column":28}},"92":{"start":{"line":356,"column":33},"end":{"line":356,"column":99}},"93":{"start":{"line":366,"column":12},"end":{"line":383,"column":28}},"94":{"start":{"line":380,"column":33},"end":{"line":380,"column":100}}},"fnMap":{"0":{"name":"(anonymous_0)","decl":{"start":{"line":80,"column":16},"end":{"line":80,"column":17}},"loc":{"start":{"line":80,"column":25},"end":{"line":80,"column":62}},"line":80},"1":{"name":"(anonymous_1)","decl":{"start":{"line":81,"column":22},"end":{"line":81,"column":23}},"loc":{"start":{"line":81,"column":31},"end":{"line":81,"column":68}},"line":81},"2":{"name":"(anonymous_2)","decl":{"start":{"line":86,"column":18},"end":{"line":86,"column":19}},"loc":{"start":{"line":86,"column":27},"end":{"line":86,"column":64}},"line":86},"3":{"name":"(anonymous_3)","decl":{"start":{"line":111,"column":16},"end":{"line":111,"column":17}},"loc":{"start":{"line":111,"column":25},"end":{"line":111,"column":62}},"line":111},"4":{"name":"(anonymous_4)","decl":{"start":{"line":117,"column":18},"end":{"line":117,"column":19}},"loc":{"start":{"line":117,"column":27},"end":{"line":117,"column":64}},"line":117},"5":{"name":"(anonymous_5)","decl":{"start":{"line":124,"column":12},"end":{"line":124,"column":13}},"loc":{"start":{"line":124,"column":21},"end":{"line":124,"column":51}},"line":124},"6":{"name":"(anonymous_6)","decl":{"start":{"line":142,"column":16},"end":{"line":142,"column":17}},"loc":{"start":{"line":142,"column":25},"end":{"line":142,"column":62}},"line":142},"7":{"name":"(anonymous_7)","decl":{"start":{"line":143,"column":11},"end":{"line":143,"column":12}},"loc":{"start":{"line":143,"column":20},"end":{"line":143,"column":57}},"line":143},"8":{"name":"SettingsPanel","decl":{"start":{"line":202,"column":9},"end":{"line":202,"column":22}},"loc":{"start":{"line":202,"column":71},"end":{"line":396,"column":1}},"line":202},"9":{"name":"(anonymous_9)","decl":{"start":{"line":210,"column":12},"end":{"line":210,"column":13}},"loc":{"start":{"line":210,"column":18},"end":{"line":215,"column":3}},"line":210},"10":{"name":"(anonymous_10)","decl":{"start":{"line":217,"column":12},"end":{"line":217,"column":13}},"loc":{"start":{"line":217,"column":18},"end":{"line":219,"column":3}},"line":217},"11":{"name":"(anonymous_11)","decl":{"start":{"line":221,"column":22},"end":{"line":221,"column":23}},"loc":{"start":{"line":221,"column":34},"end":{"line":228,"column":3}},"line":221},"12":{"name":"(anonymous_12)","decl":{"start":{"line":230,"column":32},"end":{"line":230,"column":33}},"loc":{"start":{"line":230,"column":57},"end":{"line":248,"column":3}},"line":230},"13":{"name":"(anonymous_13)","decl":{"start":{"line":237,"column":60},"end":{"line":237,"column":61}},"loc":{"start":{"line":238,"column":6},"end":{"line":240,"column":19}},"line":238},"14":{"name":"(anonymous_14)","decl":{"start":{"line":250,"column":29},"end":{"line":250,"column":30}},"loc":{"start":{"line":250,"column":47},"end":{"line":265,"column":3}},"line":250},"15":{"name":"(anonymous_15)","decl":{"start":{"line":259,"column":17},"end":{"line":259,"column":18}},"loc":{"start":{"line":259,"column":23},"end":{"line":259,"column":39}},"line":259},"16":{"name":"(anonymous_16)","decl":{"start":{"line":267,"column":21},"end":{"line":267,"column":22}},"loc":{"start":{"line":267,"column":33},"end":{"line":288,"column":3}},"line":267},"17":{"name":"(anonymous_17)","decl":{"start":{"line":281,"column":17},"end":{"line":281,"column":18}},"loc":{"start":{"line":281,"column":23},"end":{"line":281,"column":39}},"line":281},"18":{"name":"(anonymous_18)","decl":{"start":{"line":321,"column":20},"end":{"line":321,"column":21}},"loc":{"start":{"line":321,"column":27},"end":{"line":321,"column":61}},"line":321},"19":{"name":"(anonymous_19)","decl":{"start":{"line":325,"column":39},"end":{"line":325,"column":40}},"loc":{"start":{"line":326,"column":12},"end":{"line":328,"column":21}},"line":326},"20":{"name":"(anonymous_20)","decl":{"start":{"line":327,"column":54},"end":{"line":327,"column":55}},"loc":{"start":{"line":327,"column":59},"end":{"line":327,"column":74}},"line":327},"21":{"name":"(anonymous_21)","decl":{"start":{"line":341,"column":46},"end":{"line":341,"column":47}},"loc":{"start":{"line":342,"column":12},"end":{"line":359,"column":28}},"line":342},"22":{"name":"(anonymous_22)","decl":{"start":{"line":356,"column":27},"end":{"line":356,"column":28}},"loc":{"start":{"line":356,"column":33},"end":{"line":356,"column":99}},"line":356},"23":{"name":"(anonymous_23)","decl":{"start":{"line":365,"column":47},"end":{"line":365,"column":48}},"loc":{"start":{"line":366,"column":12},"end":{"line":383,"column":28}},"line":366},"24":{"name":"(anonymous_24)","decl":{"start":{"line":380,"column":27},"end":{"line":380,"column":28}},"loc":{"start":{"line":380,"column":33},"end":{"line":380,"column":100}},"line":380}},"branchMap":{"0":{"loc":{"start":{"line":80,"column":25},"end":{"line":80,"column":62}},"type":"cond-expr","locations":[{"start":{"line":80,"column":41},"end":{"line":80,"column":50}},{"start":{"line":80,"column":53},"end":{"line":80,"column":62}}],"line":80},"1":{"loc":{"start":{"line":81,"column":31},"end":{"line":81,"column":68}},"type":"cond-expr","locations":[{"start":{"line":81,"column":47},"end":{"line":81,"column":56}},{"start":{"line":81,"column":59},"end":{"line":81,"column":68}}],"line":81},"2":{"loc":{"start":{"line":86,"column":27},"end":{"line":86,"column":64}},"type":"cond-expr","locations":[{"start":{"line":86,"column":43},"end":{"line":86,"column":52}},{"start":{"line":86,"column":55},"end":{"line":86,"column":64}}],"line":86},"3":{"loc":{"start":{"line":111,"column":25},"end":{"line":111,"column":62}},"type":"cond-expr","locations":[{"start":{"line":111,"column":41},"end":{"line":111,"column":50}},{"start":{"line":111,"column":53},"end":{"line":111,"column":62}}],"line":111},"4":{"loc":{"start":{"line":117,"column":27},"end":{"line":117,"column":64}},"type":"cond-expr","locations":[{"start":{"line":117,"column":43},"end":{"line":117,"column":52}},{"start":{"line":117,"column":55},"end":{"line":117,"column":64}}],"line":117},"5":{"loc":{"start":{"line":124,"column":21},"end":{"line":124,"column":51}},"type":"cond-expr","locations":[{"start":{"line":124,"column":37},"end":{"line":124,"column":43}},{"start":{"line":124,"column":46},"end":{"line":124,"column":51}}],"line":124},"6":{"loc":{"start":{"line":142,"column":25},"end":{"line":142,"column":62}},"type":"cond-expr","locations":[{"start":{"line":142,"column":41},"end":{"line":142,"column":50}},{"start":{"line":142,"column":53},"end":{"line":142,"column":62}}],"line":142},"7":{"loc":{"start":{"line":143,"column":20},"end":{"line":143,"column":57}},"type":"cond-expr","locations":[{"start":{"line":143,"column":36},"end":{"line":143,"column":45}},{"start":{"line":143,"column":48},"end":{"line":143,"column":57}}],"line":143},"8":{"loc":{"start":{"line":211,"column":4},"end":{"line":214,"column":5}},"type":"if","locations":[{"start":{"line":211,"column":4},"end":{"line":214,"column":5}},{"start":{},"end":{}}],"line":211},"9":{"loc":{"start":{"line":232,"column":4},"end":{"line":232,"column":31}},"type":"if","locations":[{"start":{"line":232,"column":4},"end":{"line":232,"column":31}},{"start":{},"end":{}}],"line":232},"10":{"loc":{"start":{"line":235,"column":24},"end":{"line":235,"column":83}},"type":"cond-expr","locations":[{"start":{"line":235,"column":43},"end":{"line":235,"column":61}},{"start":{"line":235,"column":64},"end":{"line":235,"column":83}}],"line":235},"11":{"loc":{"start":{"line":238,"column":6},"end":{"line":240,"column":19}},"type":"cond-expr","locations":[{"start":{"line":239,"column":10},"end":{"line":239,"column":44}},{"start":{"line":240,"column":10},"end":{"line":240,"column":19}}],"line":238},"12":{"loc":{"start":{"line":251,"column":4},"end":{"line":251,"column":24}},"type":"if","locations":[{"start":{"line":251,"column":4},"end":{"line":251,"column":24}},{"start":{},"end":{}}],"line":251},"13":{"loc":{"start":{"line":269,"column":4},"end":{"line":272,"column":5}},"type":"if","locations":[{"start":{"line":269,"column":4},"end":{"line":272,"column":5}},{"start":{},"end":{}}],"line":269},"14":{"loc":{"start":{"line":269,"column":8},"end":{"line":269,"column":37}},"type":"binary-expr","locations":[{"start":{"line":269,"column":8},"end":{"line":269,"column":22}},{"start":{"line":269,"column":26},"end":{"line":269,"column":37}}],"line":269},"15":{"loc":{"start":{"line":290,"column":2},"end":{"line":306,"column":3}},"type":"if","locations":[{"start":{"line":290,"column":2},"end":{"line":306,"column":3}},{"start":{},"end":{}}],"line":290},"16":{"loc":{"start":{"line":310,"column":7},"end":{"line":310,"column":52}},"type":"binary-expr","locations":[{"start":{"line":310,"column":7},"end":{"line":310,"column":12}},{"start":{"line":310,"column":16},"end":{"line":310,"column":52}}],"line":310},"17":{"loc":{"start":{"line":311,"column":7},"end":{"line":311,"column":60}},"type":"binary-expr","locations":[{"start":{"line":311,"column":7},"end":{"line":311,"column":14}},{"start":{"line":311,"column":18},"end":{"line":311,"column":60}}],"line":311},"18":{"loc":{"start":{"line":346,"column":19},"end":{"line":346,"column":85}},"type":"binary-expr","locations":[{"start":{"line":346,"column":19},"end":{"line":346,"column":56}},{"start":{"line":346,"column":60},"end":{"line":346,"column":85}}],"line":346},"19":{"loc":{"start":{"line":351,"column":19},"end":{"line":351,"column":80}},"type":"cond-expr","locations":[{"start":{"line":351,"column":39},"end":{"line":351,"column":60}},{"start":{"line":351,"column":63},"end":{"line":351,"column":80}}],"line":351},"20":{"loc":{"start":{"line":352,"column":19},"end":{"line":352,"column":51}},"type":"cond-expr","locations":[{"start":{"line":352,"column":39},"end":{"line":352,"column":43}},{"start":{"line":352,"column":46},"end":{"line":352,"column":51}}],"line":352},"21":{"loc":{"start":{"line":370,"column":19},"end":{"line":370,"column":85}},"type":"binary-expr","locations":[{"start":{"line":370,"column":19},"end":{"line":370,"column":56}},{"start":{"line":370,"column":60},"end":{"line":370,"column":85}}],"line":370},"22":{"loc":{"start":{"line":375,"column":19},"end":{"line":375,"column":80}},"type":"cond-expr","locations":[{"start":{"line":375,"column":39},"end":{"line":375,"column":60}},{"start":{"line":375,"column":63},"end":{"line":375,"column":80}}],"line":375},"23":{"loc":{"start":{"line":376,"column":19},"end":{"line":376,"column":51}},"type":"cond-expr","locations":[{"start":{"line":376,"column":39},"end":{"line":376,"column":43}},{"start":{"line":376,"column":46},"end":{"line":376,"column":51}}],"line":376},"24":{"loc":{"start":{"line":387,"column":9},"end":{"line":392,"column":9}},"type":"binary-expr","locations":[{"start":{"line":387,"column":9},"end":{"line":387,"column":19}},{"start":{"line":388,"column":10},"end":{"line":391,"column":23}}],"line":387},"25":{"loc":{"start":{"line":389,"column":13},"end":{"line":389,"column":100}},"type":"cond-expr","locations":[{"start":{"line":389,"column":22},"end":{"line":389,"column":86}},{"start":{"line":389,"column":89},"end":{"line":389,"column":100}}],"line":389},"26":{"loc":{"start":{"line":390,"column":13},"end":{"line":390,"column":50}},"type":"cond-expr","locations":[{"start":{"line":390,"column":22},"end":{"line":390,"column":33}},{"start":{"line":390,"column":36},"end":{"line":390,"column":50}}],"line":390}},"s":{"0":0,"1":0,"2":0,"3":0,"4":0,"5":0,"6":0,"7":0,"8":0,"9":0,"10":0,"11":0,"12":0,"13":0,"14":0,"15":0,"16":0,"17":0,"18":0,"19":0,"20":0,"21":0,"22":0,"23":0,"24":0,"25":0,"26":0,"27":0,"28":0,"29":0,"30":0,"31":0,"32":0,"33":0,"34":0,"35":0,"36":0,"37":0,"38":0,"39":0,"40":0,"41":0,"42":0,"43":0,"44":0,"45":0,"46":0,"47":0,"48":0,"49":0,"50":0,"51":0,"52":0,"53":0,"54":0,"55":0,"56":0,"57":0,"58":0,"59":0,"60":0,"61":0,"62":0,"63":0,"64":0,"65":0,"66":0,"67":0,"68":0,"69":0,"70":0,"71":0,"72":0,"73":0,"74":0,"75":0,"76":0,"77":0,"78":0,"79":0,"80":0,"81":0,"82":0,"83":0,"84":0,"85":0,"86":0,"87":0,"88":0,"89":0,"90":0,"91":0,"92":0,"93":0,"94":0},"f":{"0":0,"1":0,"2":0,"3":0,"4":0,"5":0,"6":0,"7":0,"8":0,"9":0,"10":0,"11":0,"12":0,"13":0,"14":0,"15":0,"16":0,"17":0,"18":0,"19":0,"20":0,"21":0,"22":0,"23":0,"24":0},"b":{"0":[0,0],"1":[0,0],"2":[0,0],"3":[0,0],"4":[0,0],"5":[0,0],"6":[0,0],"7":[0,0],"8":[0,0],"9":[0,0],"10":[0,0],"11":[0,0],"12":[0,0],"13":[0,0],"14":[0,0],"15":[0,0],"16":[0,0],"17":[0,0],"18":[0,0],"19":[0,0],"20":[0,0],"21":[0,0],"22":[0,0],"23":[0,0],"24":[0,0],"25":[0,0],"26":[0,0]}}
,"/Users/steve/Documents/GitHub/Stinger/demos/web_demo/frontend/src/components/StatusBar.js": {"path":"/Users/steve/Documents/GitHub/Stinger/demos/web_demo/frontend/src/components/StatusBar.js","statementMap":{"0":{"start":{"line":5,"column":24},"end":{"line":14,"column":1}},"1":{"start":{"line":16,"column":20},"end":{"line":20,"column":1}},"2":{"start":{"line":22,"column":19},"end":{"line":26,"column":1}},"3":{"start":{"line":28,"column":19},"end":{"line":37,"column":1}},"4":{"start":{"line":30,"column":4},"end":{"line":35,"column":5}},"5":{"start":{"line":31,"column":22},"end":{"line":31,"column":39}},"6":{"start":{"line":32,"column":22},"end":{"line":32,"column":39}},"7":{"start":{"line":33,"column":20},"end":{"line":33,"column":37}},"8":{"start":{"line":34,"column":15},"end":{"line":34,"column":32}},"9":{"start":{"line":39,"column":19},"end":{"line":41,"column":1}},"10":{"start":{"line":43,"column":14},"end":{"line":52,"column":1}},"11":{"start":{"line":44,"column":25},"end":{"line":44,"column":61}},"12":{"start":{"line":45,"column":20},"end":{"line":45,"column":56}},"13":{"start":{"line":55,"column":2},"end":{"line":68,"column":3}},"14":{"start":{"line":56,"column":4},"end":{"line":67,"column":6}},"15":{"start":{"line":70,"column":20},"end":{"line":70,"column":53}},"16":{"start":{"line":71,"column":25},"end":{"line":71,"column":53}},"17":{"start":{"line":72,"column":23},"end":{"line":72,"column":49}},"18":{"start":{"line":74,"column":2},"end":{"line":116,"column":4}}},"fnMap":{"0":{"name":"(anonymous_0)","decl":{"start":{"line":29,"column":11},"end":{"line":29,"column":12}},"loc":{"start":{"line":29,"column":20},"end":{"line":36,"column":3}},"line":29},"1":{"name":"(anonymous_1)","decl":{"start":{"line":44,"column":16},"end":{"line":44,"column":17}},"loc":{"start":{"line":44,"column":25},"end":{"line":44,"column":61}},"line":44},"2":{"name":"(anonymous_2)","decl":{"start":{"line":45,"column":11},"end":{"line":45,"column":12}},"loc":{"start":{"line":45,"column":20},"end":{"line":45,"column":56}},"line":45},"3":{"name":"StatusBar","decl":{"start":{"line":54,"column":9},"end":{"line":54,"column":18}},"loc":{"start":{"line":54,"column":37},"end":{"line":117,"column":1}},"line":54}},"branchMap":{"0":{"loc":{"start":{"line":30,"column":4},"end":{"line":35,"column":5}},"type":"switch","locations":[{"start":{"line":31,"column":6},"end":{"line":31,"column":39}},{"start":{"line":32,"column":6},"end":{"line":32,"column":39}},{"start":{"line":33,"column":6},"end":{"line":33,"column":37}},{"start":{"line":34,"column":6},"end":{"line":34,"column":32}}],"line":30},"1":{"loc":{"start":{"line":44,"column":25},"end":{"line":44,"column":61}},"type":"cond-expr","locations":[{"start":{"line":44,"column":40},"end":{"line":44,"column":49}},{"start":{"line":44,"column":52},"end":{"line":44,"column":61}}],"line":44},"2":{"loc":{"start":{"line":45,"column":20},"end":{"line":45,"column":56}},"type":"cond-expr","locations":[{"start":{"line":45,"column":35},"end":{"line":45,"column":44}},{"start":{"line":45,"column":47},"end":{"line":45,"column":56}}],"line":45},"3":{"loc":{"start":{"line":55,"column":2},"end":{"line":68,"column":3}},"type":"if","locations":[{"start":{"line":55,"column":2},"end":{"line":68,"column":3}},{"start":{},"end":{}}],"line":55},"4":{"loc":{"start":{"line":78,"column":30},"end":{"line":78,"column":61}},"type":"cond-expr","locations":[{"start":{"line":78,"column":42},"end":{"line":78,"column":51}},{"start":{"line":78,"column":54},"end":{"line":78,"column":61}}],"line":78},"5":{"loc":{"start":{"line":83,"column":13},"end":{"line":83,"column":45}},"type":"cond-expr","locations":[{"start":{"line":83,"column":25},"end":{"line":83,"column":33}},{"start":{"line":83,"column":36},"end":{"line":83,"column":45}}],"line":83},"6":{"loc":{"start":{"line":88,"column":30},"end":{"line":88,"column":66}},"type":"cond-expr","locations":[{"start":{"line":88,"column":47},"end":{"line":88,"column":56}},{"start":{"line":88,"column":59},"end":{"line":88,"column":66}}],"line":88},"7":{"loc":{"start":{"line":93,"column":13},"end":{"line":93,"column":48}},"type":"cond-expr","locations":[{"start":{"line":93,"column":30},"end":{"line":93,"column":38}},{"start":{"line":93,"column":41},"end":{"line":93,"column":48}}],"line":93},"8":{"loc":{"start":{"line":98,"column":30},"end":{"line":98,"column":66}},"type":"cond-expr","locations":[{"start":{"line":98,"column":45},"end":{"line":98,"column":54}},{"start":{"line":98,"column":57},"end":{"line":98,"column":66}}],"line":98},"9":{"loc":{"start":{"line":103,"column":13},"end":{"line":103,"column":49}},"type":"cond-expr","locations":[{"start":{"line":103,"column":28},"end":{"line":103,"column":36}},{"start":{"line":103,"column":39},"end":{"line":103,"column":49}}],"line":103},"10":{"loc":{"start":{"line":111,"column":13},"end":{"line":111,"column":49}},"type":"binary-expr","locations":[{"start":{"line":111,"column":13},"end":{"line":111,"column":44}},{"start":{"line":111,"column":48},"end":{"line":111,"column":49}}],"line":111},"11":{"loc":{"start":{"line":111,"column":55},"end":{"line":111,"column":89}},"type":"binary-expr","locations":[{"start":{"line":111,"column":55},"end":{"line":111,"column":84}},{"start":{"line":111,"column":88},"end":{"line":111,"column":89}}],"line":111}},"s":{"0":0,"1":0,"2":0,"3":0,"4":0,"5":0,"6":0,"7":0,"8":0,"9":0,"10":0,"11":0,"12":0,"13":0,"14":0,"15":0,"16":0,"17":0,"18":0},"f":{"0":0,"1":0,"2":0,"3":0},"b":{"0":[0,0,0,0],"1":[0,0],"2":[0,0],"3":[0,0],"4":[0,0],"5":[0,0],"6":[0,0],"7":[0,0],"8":[0,0],"9":[0,0],"10":[0,0],"11":[0,0]}}
,"/Users/steve/Documents/GitHub/Stinger/demos/web_demo/frontend/src/services/apiService.js": {"path":"/Users/steve/Documents/GitHub/Stinger/demos/web_demo/frontend/src/services/apiService.js","statementMap":{"0":{"start":{"line":4,"column":21},"end":{"line":6,"column":28}},"1":{"start":{"line":8,"column":12},"end":{"line":14,"column":2}},"2":{"start":{"line":17,"column":0},"end":{"line":26,"column":2}},"3":{"start":{"line":19,"column":4},"end":{"line":19,"column":78}},"4":{"start":{"line":20,"column":4},"end":{"line":20,"column":18}},"5":{"start":{"line":23,"column":4},"end":{"line":23,"column":47}},"6":{"start":{"line":24,"column":4},"end":{"line":24,"column":33}},"7":{"start":{"line":29,"column":0},"end":{"line":49,"column":2}},"8":{"start":{"line":31,"column":4},"end":{"line":31,"column":75}},"9":{"start":{"line":32,"column":4},"end":{"line":32,"column":20}},"10":{"start":{"line":35,"column":4},"end":{"line":35,"column":80}},"11":{"start":{"line":37,"column":4},"end":{"line":45,"column":5}},"12":{"start":{"line":38,"column":6},"end":{"line":38,"column":70}},"13":{"start":{"line":39,"column":11},"end":{"line":45,"column":5}},"14":{"start":{"line":40,"column":6},"end":{"line":40,"column":49}},"15":{"start":{"line":41,"column":11},"end":{"line":45,"column":5}},"16":{"start":{"line":42,"column":6},"end":{"line":42,"column":62}},"17":{"start":{"line":43,"column":11},"end":{"line":45,"column":5}},"18":{"start":{"line":44,"column":6},"end":{"line":44,"column":104}},"19":{"start":{"line":47,"column":4},"end":{"line":47,"column":16}},"20":{"start":{"line":51,"column":26},"end":{"line":102,"column":1}},"21":{"start":{"line":54,"column":21},"end":{"line":54,"column":45}},"22":{"start":{"line":55,"column":4},"end":{"line":55,"column":25}},"23":{"start":{"line":60,"column":21},"end":{"line":60,"column":53}},"24":{"start":{"line":61,"column":4},"end":{"line":61,"column":25}},"25":{"start":{"line":66,"column":21},"end":{"line":66,"column":51}},"26":{"start":{"line":67,"column":4},"end":{"line":67,"column":25}},"27":{"start":{"line":71,"column":21},"end":{"line":71,"column":58}},"28":{"start":{"line":72,"column":4},"end":{"line":72,"column":25}},"29":{"start":{"line":77,"column":21},"end":{"line":77,"column":49}},"30":{"start":{"line":78,"column":4},"end":{"line":78,"column":25}},"31":{"start":{"line":82,"column":21},"end":{"line":82,"column":60}},"32":{"start":{"line":83,"column":4},"end":{"line":83,"column":25}},"33":{"start":{"line":88,"column":21},"end":{"line":88,"column":46}},"34":{"start":{"line":89,"column":4},"end":{"line":89,"column":25}},"35":{"start":{"line":93,"column":21},"end":{"line":93,"column":58}},"36":{"start":{"line":94,"column":4},"end":{"line":94,"column":25}},"37":{"start":{"line":99,"column":21},"end":{"line":99,"column":48}},"38":{"start":{"line":100,"column":4},"end":{"line":100,"column":25}}},"fnMap":{"0":{"name":"(anonymous_0)","decl":{"start":{"line":18,"column":2},"end":{"line":18,"column":3}},"loc":{"start":{"line":18,"column":14},"end":{"line":21,"column":3}},"line":18},"1":{"name":"(anonymous_1)","decl":{"start":{"line":22,"column":2},"end":{"line":22,"column":3}},"loc":{"start":{"line":22,"column":13},"end":{"line":25,"column":3}},"line":22},"2":{"name":"(anonymous_2)","decl":{"start":{"line":30,"column":2},"end":{"line":30,"column":3}},"loc":{"start":{"line":30,"column":16},"end":{"line":33,"column":3}},"line":30},"3":{"name":"(anonymous_3)","decl":{"start":{"line":34,"column":2},"end":{"line":34,"column":3}},"loc":{"start":{"line":34,"column":13},"end":{"line":48,"column":3}},"line":34},"4":{"name":"(anonymous_4)","decl":{"start":{"line":53,"column":2},"end":{"line":53,"column":3}},"loc":{"start":{"line":53,"column":26},"end":{"line":56,"column":3}},"line":53},"5":{"name":"(anonymous_5)","decl":{"start":{"line":59,"column":2},"end":{"line":59,"column":3}},"loc":{"start":{"line":59,"column":33},"end":{"line":62,"column":3}},"line":59},"6":{"name":"(anonymous_6)","decl":{"start":{"line":65,"column":2},"end":{"line":65,"column":3}},"loc":{"start":{"line":65,"column":30},"end":{"line":68,"column":3}},"line":65},"7":{"name":"(anonymous_7)","decl":{"start":{"line":70,"column":2},"end":{"line":70,"column":3}},"loc":{"start":{"line":70,"column":28},"end":{"line":73,"column":3}},"line":70},"8":{"name":"(anonymous_8)","decl":{"start":{"line":76,"column":2},"end":{"line":76,"column":3}},"loc":{"start":{"line":76,"column":31},"end":{"line":79,"column":3}},"line":76},"9":{"name":"(anonymous_9)","decl":{"start":{"line":81,"column":2},"end":{"line":81,"column":3}},"loc":{"start":{"line":81,"column":42},"end":{"line":84,"column":3}},"line":81},"10":{"name":"(anonymous_10)","decl":{"start":{"line":87,"column":2},"end":{"line":87,"column":3}},"loc":{"start":{"line":87,"column":30},"end":{"line":90,"column":3}},"line":87},"11":{"name":"(anonymous_11)","decl":{"start":{"line":92,"column":2},"end":{"line":92,"column":3}},"loc":{"start":{"line":92,"column":31},"end":{"line":95,"column":3}},"line":92},"12":{"name":"(anonymous_12)","decl":{"start":{"line":98,"column":2},"end":{"line":98,"column":3}},"loc":{"start":{"line":98,"column":22},"end":{"line":101,"column":3}},"line":98}},"branchMap":{"0":{"loc":{"start":{"line":4,"column":21},"end":{"line":6,"column":28}},"type":"cond-expr","locations":[{"start":{"line":5,"column":4},"end":{"line":5,"column":26}},{"start":{"line":6,"column":4},"end":{"line":6,"column":28}}],"line":4},"1":{"loc":{"start":{"line":35,"column":41},"end":{"line":35,"column":78}},"type":"binary-expr","locations":[{"start":{"line":35,"column":41},"end":{"line":35,"column":61}},{"start":{"line":35,"column":65},"end":{"line":35,"column":78}}],"line":35},"2":{"loc":{"start":{"line":37,"column":4},"end":{"line":45,"column":5}},"type":"if","locations":[{"start":{"line":37,"column":4},"end":{"line":45,"column":5}},{"start":{"line":39,"column":11},"end":{"line":45,"column":5}}],"line":37},"3":{"loc":{"start":{"line":39,"column":11},"end":{"line":45,"column":5}},"type":"if","locations":[{"start":{"line":39,"column":11},"end":{"line":45,"column":5}},{"start":{"line":41,"column":11},"end":{"line":45,"column":5}}],"line":39},"4":{"loc":{"start":{"line":41,"column":11},"end":{"line":45,"column":5}},"type":"if","locations":[{"start":{"line":41,"column":11},"end":{"line":45,"column":5}},{"start":{"line":43,"column":11},"end":{"line":45,"column":5}}],"line":41},"5":{"loc":{"start":{"line":43,"column":11},"end":{"line":45,"column":5}},"type":"if","locations":[{"start":{"line":43,"column":11},"end":{"line":45,"column":5}},{"start":{},"end":{}}],"line":43},"6":{"loc":{"start":{"line":43,"column":15},"end":{"line":43,"column":64}},"type":"binary-expr","locations":[{"start":{"line":43,"column":15},"end":{"line":43,"column":45}},{"start":{"line":43,"column":49},"end":{"line":43,"column":64}}],"line":43}},"s":{"0":1,"1":1,"2":1,"3":0,"4":0,"5":0,"6":0,"7":1,"8":0,"9":0,"10":0,"11":0,"12":0,"13":0,"14":0,"15":0,"16":0,"17":0,"18":0,"19":0,"20":1,"21":0,"22":0,"23":0,"24":0,"25":0,"26":0,"27":0,"28":0,"29":0,"30":0,"31":0,"32":0,"33":0,"34":0,"35":0,"36":0,"37":0,"38":0},"f":{"0":0,"1":0,"2":0,"3":0,"4":0,"5":0,"6":0,"7":0,"8":0,"9":0,"10":0,"11":0,"12":0},"b":{"0":[0,1],"1":[0,0],"2":[0,0],"3":[0,0],"4":[0,0],"5":[0,0],"6":[0,0]},"_coverageSchema":"1a1c01bbd47fc00a2c39e90264f33305004495a9","hash":"d9867818b63544062c732ec9e0ce3cef12b1d342"}
}
