TN:
SF:src/App.js
FN:42,(anonymous_0)
FN:47,(anonymous_1)
FN:59,(anonymous_2)
FN:76,(anonymous_3)
FN:77,(anonymous_4)
FN:78,(anonymous_5)
FN:81,(anonymous_6)
FN:85,(anonymous_7)
FN:86,(anonymous_8)
FN:90,App
FN:103,(anonymous_10)
FN:108,(anonymous_11)
FN:110,(anonymous_12)
FN:114,(anonymous_13)
FN:118,(anonymous_14)
FN:160,(anonymous_15)
FN:164,(anonymous_16)
FN:175,(anonymous_17)
FN:198,(anonymous_18)
FN:205,(anonymous_19)
FN:225,(anonymous_20)
FN:244,(anonymous_21)
FN:254,(anonymous_22)
FN:364,(anonymous_23)
FN:425,(anonymous_24)
FN:431,(anonymous_25)
FN:453,(anonymous_26)
FNF:27
FNH:0
FNDA:0,(anonymous_0)
FNDA:0,(anonymous_1)
FNDA:0,(anonymous_2)
FNDA:0,(anonymous_3)
FNDA:0,(anonymous_4)
FNDA:0,(anonymous_5)
FNDA:0,(anonymous_6)
FNDA:0,(anonymous_7)
FNDA:0,(anonymous_8)
FNDA:0,App
FNDA:0,(anonymous_10)
FNDA:0,(anonymous_11)
FNDA:0,(anonymous_12)
FNDA:0,(anonymous_13)
FNDA:0,(anonymous_14)
FNDA:0,(anonymous_15)
FNDA:0,(anonymous_16)
FNDA:0,(anonymous_17)
FNDA:0,(anonymous_18)
FNDA:0,(anonymous_19)
FNDA:0,(anonymous_20)
FNDA:0,(anonymous_21)
FNDA:0,(anonymous_22)
FNDA:0,(anonymous_23)
FNDA:0,(anonymous_24)
FNDA:0,(anonymous_25)
FNDA:0,(anonymous_26)
DA:10,0
DA:18,0
DA:24,0
DA:31,0
DA:42,0
DA:47,0
DA:51,0
DA:59,0
DA:66,0
DA:72,0
DA:76,0
DA:77,0
DA:78,0
DA:81,0
DA:85,0
DA:86,0
DA:91,0
DA:92,0
DA:93,0
DA:94,0
DA:95,0
DA:96,0
DA:97,0
DA:98,0
DA:99,0
DA:100,0
DA:103,0
DA:104,0
DA:108,0
DA:109,0
DA:110,0
DA:111,0
DA:112,0
DA:114,0
DA:118,0
DA:119,0
DA:120,0
DA:121,0
DA:122,0
DA:125,0
DA:130,0
DA:131,0
DA:132,0
DA:133,0
DA:136,0
DA:137,0
DA:140,0
DA:142,0
DA:143,0
DA:144,0
DA:145,0
DA:146,0
DA:147,0
DA:148,0
DA:149,0
DA:150,0
DA:151,0
DA:154,0
DA:156,0
DA:160,0
DA:161,0
DA:163,0
DA:164,0
DA:166,0
DA:167,0
DA:169,0
DA:171,0
DA:175,0
DA:176,0
DA:177,0
DA:183,0
DA:184,0
DA:186,0
DA:188,0
DA:190,0
DA:191,0
DA:192,0
DA:194,0
DA:198,0
DA:199,0
DA:200,0
DA:201,0
DA:202,0
DA:205,0
DA:206,0
DA:207,0
DA:211,0
DA:212,0
DA:215,0
DA:217,0
DA:218,0
DA:219,0
DA:221,0
DA:225,0
DA:226,0
DA:227,0
DA:230,0
DA:235,0
DA:236,0
DA:239,0
DA:240,0
DA:244,0
DA:245,0
DA:246,0
DA:247,0
DA:249,0
DA:250,0
DA:254,0
DA:255,0
DA:258,0
DA:259,0
DA:283,0
DA:284,0
DA:364,0
DA:403,0
DA:425,0
DA:431,0
DA:453,0
LF:118
LH:0
BRDA:42,0,0,0
BRDA:42,0,1,0
BRDA:47,1,0,0
BRDA:47,1,1,0
BRDA:59,2,0,0
BRDA:59,2,1,0
BRDA:76,3,0,0
BRDA:76,3,1,0
BRDA:77,4,0,0
BRDA:77,4,1,0
BRDA:78,5,0,0
BRDA:78,5,1,0
BRDA:81,6,0,0
BRDA:81,6,1,0
BRDA:85,7,0,0
BRDA:85,7,1,0
BRDA:86,8,0,0
BRDA:86,8,1,0
BRDA:109,9,0,0
BRDA:109,9,1,0
BRDA:109,10,0,0
BRDA:109,10,1,0
BRDA:109,10,2,0
BRDA:142,11,0,0
BRDA:142,11,1,0
BRDA:142,12,0,0
BRDA:142,12,1,0
BRDA:144,13,0,0
BRDA:144,13,1,0
BRDA:146,14,0,0
BRDA:146,14,1,0
BRDA:146,15,0,0
BRDA:146,15,1,0
BRDA:148,16,0,0
BRDA:148,16,1,0
BRDA:150,17,0,0
BRDA:150,17,1,0
BRDA:161,18,0,0
BRDA:161,18,1,0
BRDA:190,19,0,0
BRDA:190,19,1,0
BRDA:190,20,0,0
BRDA:190,20,1,0
BRDA:217,21,0,0
BRDA:217,21,1,0
BRDA:217,22,0,0
BRDA:217,22,1,0
BRDA:258,23,0,0
BRDA:258,23,1,0
BRDA:283,24,0,0
BRDA:283,24,1,0
BRDA:314,25,0,0
BRDA:314,25,1,0
BRDA:315,26,0,0
BRDA:315,26,1,0
BRDA:317,27,0,0
BRDA:317,27,1,0
BRDA:320,28,0,0
BRDA:320,28,1,0
BRDA:320,28,2,0
BRDA:334,29,0,0
BRDA:334,29,1,0
BRDA:338,30,0,0
BRDA:338,30,1,0
BRDA:346,31,0,0
BRDA:346,31,1,0
BRDA:437,32,0,0
BRDA:437,32,1,0
BRDA:445,33,0,0
BRDA:445,33,1,0
BRF:70
BRH:0
end_of_record
TN:
SF:src/index.js
FNF:0
FNH:0
DA:6,0
DA:7,0
LF:2
LH:0
BRF:0
BRH:0
end_of_record
TN:
SF:src/components/AuditLogViewer.js
FN:130,(anonymous_0)
FN:139,(anonymous_1)
FN:178,(anonymous_2)
FN:186,(anonymous_3)
FN:230,AuditLogViewer
FN:237,(anonymous_5)
FN:243,(anonymous_6)
FN:250,(anonymous_7)
FN:271,(anonymous_8)
FN:275,(anonymous_9)
FN:284,(anonymous_10)
FNF:11
FNH:0
FNDA:0,(anonymous_0)
FNDA:0,(anonymous_1)
FNDA:0,(anonymous_2)
FNDA:0,(anonymous_3)
FNDA:0,AuditLogViewer
FNDA:0,(anonymous_5)
FNDA:0,(anonymous_6)
FNDA:0,(anonymous_7)
FNDA:0,(anonymous_8)
FNDA:0,(anonymous_9)
FNDA:0,(anonymous_10)
DA:7,0
DA:26,0
DA:35,0
DA:46,0
DA:70,0
DA:77,0
DA:85,0
DA:92,0
DA:99,0
DA:113,0
DA:120,0
DA:131,0
DA:132,0
DA:133,0
DA:134,0
DA:135,0
DA:136,0
DA:140,0
DA:141,0
DA:142,0
DA:143,0
DA:144,0
DA:145,0
DA:150,0
DA:158,0
DA:163,0
DA:172,0
DA:179,0
DA:180,0
DA:181,0
DA:182,0
DA:183,0
DA:187,0
DA:188,0
DA:189,0
DA:190,0
DA:191,0
DA:196,0
DA:207,0
DA:216,0
DA:231,0
DA:232,0
DA:233,0
DA:234,0
DA:235,0
DA:237,0
DA:238,0
DA:241,0
DA:243,0
DA:244,0
DA:245,0
DA:250,0
DA:251,0
DA:252,0
DA:253,0
DA:254,0
DA:255,0
DA:258,0
DA:259,0
DA:260,0
DA:263,0
DA:264,0
DA:266,0
DA:267,0
DA:271,0
DA:272,0
DA:275,0
DA:276,0
DA:277,0
DA:278,0
DA:280,0
DA:284,0
DA:285,0
DA:287,0
DA:361,0
DA:362,0
DA:372,0
DA:373,0
DA:396,0
DA:397,0
DA:399,0
LF:81
LH:0
BRDA:131,0,0,0
BRDA:131,0,1,0
BRDA:131,0,2,0
BRDA:131,0,3,0
BRDA:131,0,4,0
BRDA:140,1,0,0
BRDA:140,1,1,0
BRDA:140,1,2,0
BRDA:140,1,3,0
BRDA:140,1,4,0
BRDA:179,2,0,0
BRDA:179,2,1,0
BRDA:179,2,2,0
BRDA:179,2,3,0
BRDA:187,3,0,0
BRDA:187,3,1,0
BRDA:187,3,2,0
BRDA:187,3,3,0
BRDA:244,4,0,0
BRDA:244,4,1,0
BRDA:250,5,0,0
BRDA:252,6,0,0
BRDA:252,6,1,0
BRDA:254,7,0,0
BRDA:254,7,1,0
BRDA:285,8,0,0
BRDA:285,8,1,0
BRDA:291,9,0,0
BRDA:291,9,1,0
BRDA:292,10,0,0
BRDA:292,10,1,0
BRDA:293,11,0,0
BRDA:293,11,1,0
BRDA:294,12,0,0
BRDA:294,12,1,0
BRDA:303,13,0,0
BRDA:303,13,1,0
BRDA:303,13,2,0
BRDA:306,14,0,0
BRDA:306,14,1,0
BRDA:307,15,0,0
BRDA:307,15,1,0
BRDA:312,16,0,0
BRDA:312,16,1,0
BRDA:314,17,0,0
BRDA:314,17,1,0
BRDA:318,18,0,0
BRDA:318,18,1,0
BRDA:320,19,0,0
BRDA:320,19,1,0
BRDA:321,20,0,0
BRDA:321,20,1,0
BRDA:329,21,0,0
BRDA:329,21,1,0
BRDA:332,22,0,0
BRDA:332,22,1,0
BRDA:334,23,0,0
BRDA:334,23,1,0
BRDA:337,24,0,0
BRDA:337,24,1,0
BRDA:342,25,0,0
BRDA:342,25,1,0
BRDA:350,26,0,0
BRDA:350,26,1,0
BRDA:352,27,0,0
BRDA:352,27,1,0
BRDA:353,28,0,0
BRDA:353,28,1,0
BRDA:361,29,0,0
BRDA:361,29,1,0
BRDA:372,30,0,0
BRDA:372,30,1,0
BRDA:381,31,0,0
BRDA:381,31,1,0
BRDA:396,32,0,0
BRDA:396,32,1,0
BRDA:397,33,0,0
BRDA:397,33,1,0
BRDA:407,34,0,0
BRDA:407,34,1,0
BRDA:423,35,0,0
BRDA:423,35,1,0
BRDA:436,36,0,0
BRDA:436,36,1,0
BRF:84
BRH:0
end_of_record
TN:
SF:src/components/ChatInterface.js
FN:48,(anonymous_0)
FN:49,(anonymous_1)
FN:53,(anonymous_2)
FN:57,(anonymous_3)
FN:60,(anonymous_4)
FN:162,(anonymous_5)
FN:163,(anonymous_6)
FN:166,(anonymous_7)
FN:218,ChatInterface
FN:224,(anonymous_9)
FN:228,(anonymous_10)
FN:232,(anonymous_11)
FN:242,(anonymous_12)
FN:261,(anonymous_13)
FN:273,(anonymous_14)
FN:279,(anonymous_15)
FN:286,(anonymous_16)
FN:324,(anonymous_17)
FN:337,(anonymous_18)
FN:382,(anonymous_19)
FNF:20
FNH:0
FNDA:0,(anonymous_0)
FNDA:0,(anonymous_1)
FNDA:0,(anonymous_2)
FNDA:0,(anonymous_3)
FNDA:0,(anonymous_4)
FNDA:0,(anonymous_5)
FNDA:0,(anonymous_6)
FNDA:0,(anonymous_7)
FNDA:0,ChatInterface
FNDA:0,(anonymous_9)
FNDA:0,(anonymous_10)
FNDA:0,(anonymous_11)
FNDA:0,(anonymous_12)
FNDA:0,(anonymous_13)
FNDA:0,(anonymous_14)
FNDA:0,(anonymous_15)
FNDA:0,(anonymous_16)
FNDA:0,(anonymous_17)
FNDA:0,(anonymous_18)
FNDA:0,(anonymous_19)
DA:5,0
DA:16,0
DA:42,0
DA:48,0
DA:50,0
DA:51,0
DA:54,0
DA:55,0
DA:57,0
DA:60,0
DA:65,0
DA:75,0
DA:83,0
DA:92,0
DA:100,0
DA:110,0
DA:120,0
DA:126,0
DA:132,0
DA:160,0
DA:162,0
DA:163,0
DA:166,0
DA:184,0
DA:195,0
DA:204,0
DA:219,0
DA:220,0
DA:221,0
DA:222,0
DA:224,0
DA:225,0
DA:228,0
DA:229,0
DA:232,0
DA:233,0
DA:235,0
DA:242,0
DA:243,0
DA:244,0
DA:246,0
DA:247,0
DA:250,0
DA:261,0
DA:265,0
DA:273,0
DA:275,0
DA:279,0
DA:280,0
DA:281,0
DA:282,0
DA:286,0
DA:287,0
DA:288,0
DA:299,0
DA:325,0
DA:338,0
DA:347,0
DA:382,0
LF:59
LH:0
BRDA:48,0,0,0
BRDA:48,0,1,0
BRDA:50,1,0,0
BRDA:50,1,1,0
BRDA:51,2,0,0
BRDA:51,2,1,0
BRDA:54,3,0,0
BRDA:54,3,1,0
BRDA:55,4,0,0
BRDA:55,4,1,0
BRDA:57,5,0,0
BRDA:57,5,1,0
BRDA:60,6,0,0
BRDA:60,6,1,0
BRDA:162,7,0,0
BRDA:162,7,1,0
BRDA:163,8,0,0
BRDA:163,8,1,0
BRDA:166,9,0,0
BRDA:166,9,1,0
BRDA:233,10,0,0
BRDA:233,10,1,0
BRDA:233,11,0,0
BRDA:233,11,1,0
BRDA:280,12,0,0
BRDA:280,12,1,0
BRDA:280,13,0,0
BRDA:280,13,1,0
BRDA:287,14,0,0
BRDA:287,14,1,0
BRDA:307,15,0,0
BRDA:307,15,1,0
BRDA:309,16,0,0
BRDA:309,16,1,0
BRDA:314,17,0,0
BRDA:314,17,1,0
BRDA:320,18,0,0
BRDA:320,18,1,0
BRDA:320,18,2,0
BRDA:333,19,0,0
BRDA:333,19,1,0
BRDA:333,19,2,0
BRDA:350,20,0,0
BRDA:350,20,1,0
BRDA:368,21,0,0
BRDA:368,21,1,0
BRDA:393,22,0,0
BRDA:393,22,1,0
BRF:48
BRH:0
end_of_record
TN:
SF:src/components/Header.js
FN:56,(anonymous_0)
FN:139,(anonymous_1)
FN:212,Header
FN:216,(anonymous_3)
FN:217,(anonymous_4)
FN:228,(anonymous_5)
FNF:6
FNH:0
FNDA:0,(anonymous_0)
FNDA:0,(anonymous_1)
FNDA:0,Header
FNDA:0,(anonymous_3)
FNDA:0,(anonymous_4)
FNDA:0,(anonymous_5)
DA:6,0
DA:17,0
DA:23,0
DA:31,0
DA:41,0
DA:52,0
DA:56,0
DA:60,0
DA:66,0
DA:77,0
DA:106,0
DA:127,0
DA:138,0
DA:139,0
DA:147,0
DA:152,0
DA:180,0
DA:191,0
DA:213,0
DA:216,0
DA:217,0
DA:218,0
DA:219,0
DA:220,0
DA:222,0
DA:227,0
DA:228,0
DA:231,0
LF:28
LH:0
BRDA:56,0,0,0
BRDA:56,0,1,0
BRDA:139,1,0,0
BRDA:139,1,1,0
BRDA:245,2,0,0
BRDA:245,2,1,0
BRDA:248,3,0,0
BRDA:248,3,1,0
BRDA:254,4,0,0
BRDA:254,4,1,0
BRDA:261,5,0,0
BRDA:261,5,1,0
BRDA:261,6,0,0
BRDA:261,6,1,0
BRDA:278,7,0,0
BRDA:278,7,1,0
BRDA:278,8,0,0
BRDA:278,8,1,0
BRF:18
BRH:0
end_of_record
TN:
SF:src/components/SettingsPanel.js
FN:80,(anonymous_0)
FN:81,(anonymous_1)
FN:86,(anonymous_2)
FN:111,(anonymous_3)
FN:117,(anonymous_4)
FN:124,(anonymous_5)
FN:142,(anonymous_6)
FN:143,(anonymous_7)
FN:202,SettingsPanel
FN:210,(anonymous_9)
FN:217,(anonymous_10)
FN:221,(anonymous_11)
FN:230,(anonymous_12)
FN:237,(anonymous_13)
FN:250,(anonymous_14)
FN:259,(anonymous_15)
FN:267,(anonymous_16)
FN:281,(anonymous_17)
FN:321,(anonymous_18)
FN:325,(anonymous_19)
FN:327,(anonymous_20)
FN:341,(anonymous_21)
FN:356,(anonymous_22)
FN:365,(anonymous_23)
FN:380,(anonymous_24)
FNF:25
FNH:0
FNDA:0,(anonymous_0)
FNDA:0,(anonymous_1)
FNDA:0,(anonymous_2)
FNDA:0,(anonymous_3)
FNDA:0,(anonymous_4)
FNDA:0,(anonymous_5)
FNDA:0,(anonymous_6)
FNDA:0,(anonymous_7)
FNDA:0,SettingsPanel
FNDA:0,(anonymous_9)
FNDA:0,(anonymous_10)
FNDA:0,(anonymous_11)
FNDA:0,(anonymous_12)
FNDA:0,(anonymous_13)
FNDA:0,(anonymous_14)
FNDA:0,(anonymous_15)
FNDA:0,(anonymous_16)
FNDA:0,(anonymous_17)
FNDA:0,(anonymous_18)
FNDA:0,(anonymous_19)
FNDA:0,(anonymous_20)
FNDA:0,(anonymous_21)
FNDA:0,(anonymous_22)
FNDA:0,(anonymous_23)
FNDA:0,(anonymous_24)
DA:6,0
DA:25,0
DA:29,0
DA:38,0
DA:45,0
DA:61,0
DA:65,0
DA:74,0
DA:80,0
DA:81,0
DA:86,0
DA:90,0
DA:94,0
DA:101,0
DA:106,0
DA:111,0
DA:117,0
DA:124,0
DA:134,0
DA:142,0
DA:143,0
DA:146,0
DA:172,0
DA:182,0
DA:192,0
DA:203,0
DA:204,0
DA:205,0
DA:206,0
DA:207,0
DA:208,0
DA:210,0
DA:211,0
DA:212,0
DA:213,0
DA:217,0
DA:218,0
DA:221,0
DA:222,0
DA:223,0
DA:224,0
DA:226,0
DA:230,0
DA:231,0
DA:232,0
DA:234,0
DA:235,0
DA:237,0
DA:238,0
DA:243,0
DA:244,0
DA:245,0
DA:246,0
DA:247,0
DA:250,0
DA:251,0
DA:253,0
DA:254,0
DA:255,0
DA:256,0
DA:257,0
DA:258,0
DA:259,0
DA:261,0
DA:263,0
DA:267,0
DA:268,0
DA:269,0
DA:270,0
DA:271,0
DA:274,0
DA:275,0
DA:276,0
DA:277,0
DA:278,0
DA:279,0
DA:280,0
DA:281,0
DA:283,0
DA:284,0
DA:286,0
DA:290,0
DA:291,0
DA:308,0
DA:321,0
DA:326,0
DA:327,0
DA:342,0
DA:356,0
DA:366,0
DA:380,0
LF:91
LH:0
BRDA:80,0,0,0
BRDA:80,0,1,0
BRDA:81,1,0,0
BRDA:81,1,1,0
BRDA:86,2,0,0
BRDA:86,2,1,0
BRDA:111,3,0,0
BRDA:111,3,1,0
BRDA:117,4,0,0
BRDA:117,4,1,0
BRDA:124,5,0,0
BRDA:124,5,1,0
BRDA:142,6,0,0
BRDA:142,6,1,0
BRDA:143,7,0,0
BRDA:143,7,1,0
BRDA:211,8,0,0
BRDA:211,8,1,0
BRDA:232,9,0,0
BRDA:232,9,1,0
BRDA:235,10,0,0
BRDA:235,10,1,0
BRDA:238,11,0,0
BRDA:238,11,1,0
BRDA:251,12,0,0
BRDA:251,12,1,0
BRDA:269,13,0,0
BRDA:269,13,1,0
BRDA:269,14,0,0
BRDA:269,14,1,0
BRDA:290,15,0,0
BRDA:290,15,1,0
BRDA:310,16,0,0
BRDA:310,16,1,0
BRDA:311,17,0,0
BRDA:311,17,1,0
BRDA:346,18,0,0
BRDA:346,18,1,0
BRDA:351,19,0,0
BRDA:351,19,1,0
BRDA:352,20,0,0
BRDA:352,20,1,0
BRDA:370,21,0,0
BRDA:370,21,1,0
BRDA:375,22,0,0
BRDA:375,22,1,0
BRDA:376,23,0,0
BRDA:376,23,1,0
BRDA:387,24,0,0
BRDA:387,24,1,0
BRDA:389,25,0,0
BRDA:389,25,1,0
BRDA:390,26,0,0
BRDA:390,26,1,0
BRF:54
BRH:0
end_of_record
TN:
SF:src/components/StatusBar.js
FN:29,(anonymous_0)
FN:44,(anonymous_1)
FN:45,(anonymous_2)
FN:54,StatusBar
FNF:4
FNH:0
FNDA:0,(anonymous_0)
FNDA:0,(anonymous_1)
FNDA:0,(anonymous_2)
FNDA:0,StatusBar
DA:5,0
DA:16,0
DA:22,0
DA:28,0
DA:30,0
DA:31,0
DA:32,0
DA:33,0
DA:34,0
DA:39,0
DA:43,0
DA:44,0
DA:45,0
DA:55,0
DA:56,0
DA:70,0
DA:71,0
DA:72,0
DA:74,0
LF:19
LH:0
BRDA:30,0,0,0
BRDA:30,0,1,0
BRDA:30,0,2,0
BRDA:30,0,3,0
BRDA:44,1,0,0
BRDA:44,1,1,0
BRDA:45,2,0,0
BRDA:45,2,1,0
BRDA:55,3,0,0
BRDA:55,3,1,0
BRDA:78,4,0,0
BRDA:78,4,1,0
BRDA:83,5,0,0
BRDA:83,5,1,0
BRDA:88,6,0,0
BRDA:88,6,1,0
BRDA:93,7,0,0
BRDA:93,7,1,0
BRDA:98,8,0,0
BRDA:98,8,1,0
BRDA:103,9,0,0
BRDA:103,9,1,0
BRDA:111,10,0,0
BRDA:111,10,1,0
BRDA:111,11,0,0
BRDA:111,11,1,0
BRF:26
BRH:0
end_of_record
TN:
SF:src/services/apiService.js
FN:18,(anonymous_0)
FN:22,(anonymous_1)
FN:30,(anonymous_2)
FN:34,(anonymous_3)
FN:53,(anonymous_4)
FN:59,(anonymous_5)
FN:65,(anonymous_6)
FN:70,(anonymous_7)
FN:76,(anonymous_8)
FN:81,(anonymous_9)
FN:87,(anonymous_10)
FN:92,(anonymous_11)
FN:98,(anonymous_12)
FNF:13
FNH:0
FNDA:0,(anonymous_0)
FNDA:0,(anonymous_1)
FNDA:0,(anonymous_2)
FNDA:0,(anonymous_3)
FNDA:0,(anonymous_4)
FNDA:0,(anonymous_5)
FNDA:0,(anonymous_6)
FNDA:0,(anonymous_7)
FNDA:0,(anonymous_8)
FNDA:0,(anonymous_9)
FNDA:0,(anonymous_10)
FNDA:0,(anonymous_11)
FNDA:0,(anonymous_12)
DA:4,1
DA:8,1
DA:17,1
DA:19,0
DA:20,0
DA:23,0
DA:24,0
DA:29,1
DA:31,0
DA:32,0
DA:35,0
DA:37,0
DA:38,0
DA:39,0
DA:40,0
DA:41,0
DA:42,0
DA:43,0
DA:44,0
DA:47,0
DA:51,1
DA:54,0
DA:55,0
DA:60,0
DA:61,0
DA:66,0
DA:67,0
DA:71,0
DA:72,0
DA:77,0
DA:78,0
DA:82,0
DA:83,0
DA:88,0
DA:89,0
DA:93,0
DA:94,0
DA:99,0
DA:100,0
LF:39
LH:5
BRDA:4,0,0,0
BRDA:4,0,1,1
BRDA:35,1,0,0
BRDA:35,1,1,0
BRDA:37,2,0,0
BRDA:37,2,1,0
BRDA:39,3,0,0
BRDA:39,3,1,0
BRDA:41,4,0,0
BRDA:41,4,1,0
BRDA:43,5,0,0
BRDA:43,5,1,0
BRDA:43,6,0,0
BRDA:43,6,1,0
BRF:14
BRH:1
end_of_record
