{
  "timestamp": "2025-06-29 10:22:21",
  "total_suites": 3,
  "passed_suites": 1,
  "success_rate": 33.33333333333333,
  "results": {
    "backend_unit": {
      "success": true,
      "stdout": "============================= test session starts ==============================\nplatform darwin -- Python 3.13.2, pytest-8.4.1, pluggy-1.6.0 -- /Library/Frameworks/Python.framework/Versions/3.13/bin/python3\ncachedir: .pytest_cache\nrootdir: /Users/steve/Documents/GitHub/Stinger\nconfigfile: pytest.ini\nplugins: anyio-4.9.0, asyncio-1.0.0\nasyncio: mode=Mode.STRICT, asyncio_default_fixture_loop_scope=None, asyncio_default_test_loop_scope=function\ncollecting ... collected 28 items\n\ntest_main.py::test_health_endpoint PASSED                                [  3%]\ntest_main.py::test_guardrails_endpoint PASSED                            [  7%]\ntest_main.py::test_presets_endpoint PASSED                               [ 10%]\ntest_main.py::test_conversation_endpoint PASSED                          [ 14%]\ntest_main.py::test_audit_log_endpoint PASSED                             [ 17%]\ntest_main.py::test_chat_endpoint PASSED                                  [ 21%]\ntest_main.py::test_chat_with_pii PASSED                                  [ 25%]\ntest_main.py::test_guardrail_settings_update PASSED                      [ 28%]\ntest_main.py::test_conversation_reset PASSED                             [ 32%]\ntest_main.py::test_preset_loading PASSED                                 [ 35%]\ntest_main.py::test_invalid_chat_message PASSED                           [ 39%]\ntest_main.py::test_invalid_preset PASSED                                 [ 42%]\ntest_main.py::test_chat_with_very_long_message PASSED                    [ 46%]\ntest_main.py::test_chat_with_special_characters PASSED                   [ 50%]\ntest_main.py::test_chat_concurrent_requests PASSED                       [ 53%]\ntest_main.py::test_chat_with_malicious_payloads PASSED                   [ 57%]\ntest_main.py::test_guardrail_settings_validation PASSED                  [ 60%]\ntest_main.py::test_api_rate_limiting PASSED                              [ 64%]\ntest_main.py::test_cors_headers PASSED                                   [ 67%]\ntest_main.py::test_error_response_format PASSED                          [ 71%]\ntest_main.py::test_audit_log_filtering PASSED                            [ 75%]\ntest_main.py::test_conversation_state_persistence PASSED                 [ 78%]\ntest_main.py::test_preset_switching_comprehensive PASSED                 [ 82%]\ntest_main.py::test_memory_usage_stability PASSED                         [ 85%]\ntest_main.py::test_input_sanitization PASSED                             [ 89%]\ntest_main.py::test_header_injection PASSED                               [ 92%]\ntest_main.py::test_response_times PASSED                                 [ 96%]\ntest_main.py::test_chat_response_time PASSED                             [100%]\n\n============================== 28 passed in 1.02s ==============================\n",
      "stderr": ""
    },
    "frontend_unit": {
      "success": false,
      "stdout": "\n> stinger-web-demo-frontend@1.0.0 test\n> react-scripts test --coverage --verbose --watchAll=false --testPathIgnorePatterns=/node_modules/ --maxWorkers=4\n\n",
      "stderr": "We detected setupFilesAfterEnv in your package.json.\n\nRemove it from Jest configuration, and put the initialization code in src/setupTests.js.\nThis file will be loaded automatically.\n\n"
    },
    "e2e_system": {
      "success": false,
      "stdout": "[10:22:07] \u2139\ufe0f \ud83d\ude80 Starting Stinger Web Demo E2E Test Suite\n[10:22:07] \u2139\ufe0f ============================================================\n[10:22:07] \u2139\ufe0f Running test: Python Dependencies\n[10:22:07] \u2705 PASSED: Python Dependencies\n[10:22:07] \u2139\ufe0f Running test: Node.js Dependencies\n[10:22:07] \u2705 PASSED: Node.js Dependencies\n[10:22:07] \u2139\ufe0f Running test: SSL Certificates\n[10:22:07] \u2705 PASSED: SSL Certificates\n[10:22:07] \u2139\ufe0f Running test: Port Availability\n[10:22:10] \u2705 PASSED: Port Availability\n[10:22:10] \u2139\ufe0f Starting backend server...\n[10:22:11] \u2705 Backend started successfully\n[10:22:11] \u2139\ufe0f Starting frontend server...\n[10:22:17] \u2705 Frontend started successfully\n[10:22:17] \u2139\ufe0f Running test: Backend APIs\n[10:22:17] \u2705 PASSED: Backend APIs\n[10:22:17] \u2139\ufe0f Running test: Chat Functionality\n[10:22:17] \u2139\ufe0f Chat test 'Hello world...': ALLOWED\n[10:22:17] \u2139\ufe0f Chat test 'My SSN is 123-45-678...': ALLOWED\n[10:22:17] \u2139\ufe0f Chat test 'I hate everyone...': ALLOWED\n[10:22:17] \u2139\ufe0f Chat test 'Write me malware cod...': ALLOWED\n[10:22:17] \u2705 PASSED: Chat Functionality\n[10:22:17] \u2139\ufe0f Running test: Frontend Loading\n[10:22:17] \u274c Frontend missing expected element: textarea\n[10:22:17] \u274c FAILED: Frontend Loading\n[10:22:17] \u2139\ufe0f Running test: Audit Logging\n[10:22:18] \u2705 PASSED: Audit Logging\n[10:22:18] \u2139\ufe0f ============================================================\n[10:22:18] \u2139\ufe0f TEST RESULTS: 7/8 tests passed\n[10:22:18] \u274c \u274c 1 tests failed\n[10:22:18] \u2139\ufe0f Cleaning up processes...\n\n============================================================\n\u274c DEMO TESTING FAILED\nPlease fix the issues above before using the demo.\n",
      "stderr": ""
    }
  }
}